Using pre-set license

 COMMAND LINE ARGUMENTS:
/Applications/Unity/Hub/Editor/2020.3.9f1/Unity.app/Contents/MacOS/Unity
-adb2
-batchMode
-noUpm
-name
AssetImportWorker0
-projectPath
/Users/shinyijin/GitHub/Learn-Unity/FP Survival Game
-logFile
Logs/AssetImportWorker0.log
-srvPort
58694
Successfully changed project path to: /Users/shinyijin/GitHub/Learn-Unity/FP Survival Game
/Users/shinyijin/GitHub/Learn-Unity/FP Survival Game
Using Asset Import Pipeline V2.
Refreshing native plugins compatible for Editor in 26.27 ms, found 1 plugins.
Preloading 0 native plugins for Editor in 0.00 ms.
Initialize engine version: 2020.3.9f1 (108be757e447)
[Subsystems] Discovering subsystems at path /Applications/Unity/Hub/Editor/2020.3.9f1/Unity.app/Contents/Resources/UnitySubsystems
[Subsystems] Discovering subsystems at path /Users/shinyijin/GitHub/Learn-Unity/FP Survival Game/Assets
GfxDevice: creating device client; threaded=0
2021-07-18 21:25:43.701 Unity[83690:6310943] Color LCD preferred device: Intel(R) Iris(TM) Plus Graphics 655 (low power)
2021-07-18 21:25:43.701 Unity[83690:6310943] Metal devices available: 1
2021-07-18 21:25:43.701 Unity[83690:6310943] 0: Intel(R) Iris(TM) Plus Graphics 655 (low power)
2021-07-18 21:25:43.702 Unity[83690:6310943] Using device Intel(R) Iris(TM) Plus Graphics 655 (low power)
Initializing Metal device caps: Intel(R) Iris(TM) Plus Graphics 655
Initialize mono
Mono path[0] = '/Applications/Unity/Hub/Editor/2020.3.9f1/Unity.app/Contents/Managed'
Mono path[1] = '/Applications/Unity/Hub/Editor/2020.3.9f1/Unity.app/Contents/MonoBleedingEdge/lib/mono/unityjit'
Mono config path = '/Applications/Unity/Hub/Editor/2020.3.9f1/Unity.app/Contents/MonoBleedingEdge/etc'
Using monoOptions --debugger-agent=transport=dt_socket,embedding=1,server=y,suspend=n,address=127.0.0.1:56690
Begin MonoManager ReloadAssembly
Registering precompiled unity dll's ...
Register platform support module: /Applications/Unity/Hub/Editor/2020.3.9f1/PlaybackEngines/WebGLSupport/UnityEditor.WebGL.Extensions.dll
Register platform support module: /Applications/Unity/Hub/Editor/2020.3.9f1/Unity.app/Contents/PlaybackEngines/MacStandaloneSupport/UnityEditor.OSXStandalone.Extensions.dll
Registered in 0.000803 seconds.
Native extension for OSXStandalone target not found
Native extension for WebGL target not found
Refreshing native plugins compatible for Editor in 23.49 ms, found 1 plugins.
Preloading 0 native plugins for Editor in 0.00 ms.
Mono: successfully reloaded assembly
- Completed reload, in  2.154 seconds
Platform modules already initialized, skipping
Registering precompiled user dll's ...
Registered in 0.001571 seconds.
Begin MonoManager ReloadAssembly
Native extension for OSXStandalone target not found
Native extension for WebGL target not found
Refreshing native plugins compatible for Editor in 0.41 ms, found 1 plugins.
Preloading 0 native plugins for Editor in 0.00 ms.
Mono: successfully reloaded assembly
- Completed reload, in  1.122 seconds
Platform modules already initialized, skipping
========================================================================
Worker process is ready to serve import requests
Launching external process: /Applications/Unity/Hub/Editor/2020.3.9f1/Unity.app/Contents/Tools/UnityShaderCompiler
Launched and connected shader compiler UnityShaderCompiler after 0.02 seconds
Refreshing native plugins compatible for Editor in 0.23 ms, found 1 plugins.
Preloading 0 native plugins for Editor in 0.00 ms.
Unloading 1119 Unused Serialized files (Serialized files now loaded: 0)
System memory in use before: 109.7 MB.
System memory in use after: 109.7 MB.

Unloading 10 unused Assets to reduce memory usage. Loaded Objects now: 1562.
Total: 2.100007 ms (FindLiveObjects: 0.202169 ms CreateObjectMapping: 0.040067 ms MarkObjects: 1.771893 ms  DeleteObjects: 0.084872 ms)

========================================================================
Received Import Request.
  path: Assets/Scenes
  artifactKey: Guid(5c2abffe4c78c4a8a999baed8a35952e) Importer(815301076,1909f56bfc062723c751e8b465ee728b)
Start importing Assets/Scenes using Guid(5c2abffe4c78c4a8a999baed8a35952e) Importer(815301076,1909f56bfc062723c751e8b465ee728b)  -> (artifact id: '7e3ce972110d889b23d87566af9927f0') in 0.002968 seconds
  Import took 0.004626 seconds .

========================================================================
Received Import Request.
  Time since last request: 0.000264 seconds.
  path: Assets/Scenes/3D Survival Game.unity
  artifactKey: Guid(03e98699cd3ff482d8de52c8561ad3aa) Importer(815301076,1909f56bfc062723c751e8b465ee728b)
Start importing Assets/Scenes/3D Survival Game.unity using Guid(03e98699cd3ff482d8de52c8561ad3aa) Importer(815301076,1909f56bfc062723c751e8b465ee728b)  -> (artifact id: 'd44c4ee6f9240b2877153b957183346c') in 0.008605 seconds
  Import took 0.010546 seconds .

========================================================================
Received Import Request.
  Time since last request: 0.000320 seconds.
  path: Assets/Scenes/SampleScene.unity
  artifactKey: Guid(9fc0d4010bbf28b4594072e72b8655ab) Importer(815301076,1909f56bfc062723c751e8b465ee728b)
Start importing Assets/Scenes/SampleScene.unity using Guid(9fc0d4010bbf28b4594072e72b8655ab) Importer(815301076,1909f56bfc062723c751e8b465ee728b)  -> (artifact id: '85059f4f9e1a832ed95adaa0d25c5c4c') in 0.002865 seconds
  Import took 0.007866 seconds .

========================================================================
Received Import Request.
  Time since last request: 85.335123 seconds.
  path: Assets/Source/Servival Game
  artifactKey: Guid(234f13f56cb184b01929bac57a4bfb05) Importer(815301076,1909f56bfc062723c751e8b465ee728b)
Start importing Assets/Source/Servival Game using Guid(234f13f56cb184b01929bac57a4bfb05) Importer(815301076,1909f56bfc062723c751e8b465ee728b)  -> (artifact id: '9306c7884b18834f8a3d7e987abf4182') in 0.001283 seconds
  Import took 0.005669 seconds .

========================================================================
Received Import Request.
  Time since last request: 0.089836 seconds.
  path: Assets/Source/Servival Game/NewLayer.terrainlayer
  artifactKey: Guid(13843b79065174b5fa42b3ebed8b5fca) Importer(815301076,1909f56bfc062723c751e8b465ee728b)
Start importing Assets/Source/Servival Game/NewLayer.terrainlayer using Guid(13843b79065174b5fa42b3ebed8b5fca) Importer(815301076,1909f56bfc062723c751e8b465ee728b)  -> (artifact id: '1a069123c1efbd3a8d5230f7b2797344') in 0.932981 seconds
  Import took 0.935944 seconds .

========================================================================
Received Import Request.
  Time since last request: 1.172453 seconds.
  path: Assets/Source/Servival Game/Textures
  artifactKey: Guid(3b0188596449549bcbd503be64a52a9d) Importer(815301076,1909f56bfc062723c751e8b465ee728b)
Start importing Assets/Source/Servival Game/Textures using Guid(3b0188596449549bcbd503be64a52a9d) Importer(815301076,1909f56bfc062723c751e8b465ee728b)  -> (artifact id: 'f8b557b635ab88521d7af8eadb40a216') in 0.001222 seconds
  Import took 0.004967 seconds .

========================================================================
Received Import Request.
  Time since last request: 0.091250 seconds.
  path: Assets/Source/Servival Game/Textures/Arechemy Box.png
  artifactKey: Guid(ba30e329cf88f47c29444ef159324562) Importer(815301076,1909f56bfc062723c751e8b465ee728b)
Start importing Assets/Source/Servival Game/Textures/Arechemy Box.png using Guid(ba30e329cf88f47c29444ef159324562) Importer(815301076,1909f56bfc062723c751e8b465ee728b)  -> (artifact id: 'bcbd770756d52fd77b0bb78721110d3d') in 0.821965 seconds
  Import took 0.824721 seconds .

========================================================================
Received Import Request.
  Time since last request: 0.000234 seconds.
  path: Assets/Source/Servival Game/Textures/Rocket.png
  artifactKey: Guid(86d69ee22054c40b18e58c08ba3588b4) Importer(815301076,1909f56bfc062723c751e8b465ee728b)
Start importing Assets/Source/Servival Game/Textures/Rocket.png using Guid(86d69ee22054c40b18e58c08ba3588b4) Importer(815301076,1909f56bfc062723c751e8b465ee728b)  -> (artifact id: 'e48a4a2ce673a075713e4a978753bbb5') in 0.008826 seconds
  Import took 0.011106 seconds .

========================================================================
Received Import Request.
  Time since last request: 0.000228 seconds.
  path: Assets/Source/Servival Game/Textures/Sand_Texture.png
  artifactKey: Guid(04f9d1651ef084ba580a66c107e1563d) Importer(815301076,1909f56bfc062723c751e8b465ee728b)
Start importing Assets/Source/Servival Game/Textures/Sand_Texture.png using Guid(04f9d1651ef084ba580a66c107e1563d) Importer(815301076,1909f56bfc062723c751e8b465ee728b)  -> (artifact id: 'd2c158b8eb2ad209c861bc4bd8ac68a7') in 0.020173 seconds
  Import took 0.022305 seconds .

========================================================================
Received Import Request.
  Time since last request: 0.000226 seconds.
  path: Assets/Source/Servival Game/Textures/Dark_Green_Texture.png
  artifactKey: Guid(67e3a462abad84cc8a8f83cacce023bd) Importer(815301076,1909f56bfc062723c751e8b465ee728b)
Start importing Assets/Source/Servival Game/Textures/Dark_Green_Texture.png using Guid(67e3a462abad84cc8a8f83cacce023bd) Importer(815301076,1909f56bfc062723c751e8b465ee728b)  -> (artifact id: '3911aeacdf13968fb32f0fa454afd76e') in 0.020768 seconds
  Import took 0.022832 seconds .

========================================================================
Received Import Request.
  Time since last request: 0.000243 seconds.
  path: Assets/Source/Servival Game/Textures/Pig.png
  artifactKey: Guid(6af38c5e24a46421ba065f52b9f03e78) Importer(815301076,1909f56bfc062723c751e8b465ee728b)
Start importing Assets/Source/Servival Game/Textures/Pig.png using Guid(6af38c5e24a46421ba065f52b9f03e78) Importer(815301076,1909f56bfc062723c751e8b465ee728b)  -> (artifact id: '1c8831c3197d80aaec6bbceb68f71ffb') in 0.014471 seconds
  Import took 0.016589 seconds .

========================================================================
Received Import Request.
  Time since last request: 0.000200 seconds.
  path: Assets/Source/Servival Game/Textures/Rock_texture.png
  artifactKey: Guid(5dd8842198dc84c8fbc503aac125cb62) Importer(815301076,1909f56bfc062723c751e8b465ee728b)
Start importing Assets/Source/Servival Game/Textures/Rock_texture.png using Guid(5dd8842198dc84c8fbc503aac125cb62) Importer(815301076,1909f56bfc062723c751e8b465ee728b)  -> (artifact id: '93c6b7926fc4c1c12aca867550e8e722') in 0.008619 seconds
  Import took 0.010678 seconds .

========================================================================
Received Import Request.
  Time since last request: 0.000257 seconds.
  path: Assets/Source/Servival Game/Textures/Wood.png
  artifactKey: Guid(dd15d505e0a1f4f8b9bc5e5ff2b601b6) Importer(815301076,1909f56bfc062723c751e8b465ee728b)
Start importing Assets/Source/Servival Game/Textures/Wood.png using Guid(dd15d505e0a1f4f8b9bc5e5ff2b601b6) Importer(815301076,1909f56bfc062723c751e8b465ee728b)  -> (artifact id: '2b76770e7865fd4edfc673894e8521bb') in 0.013608 seconds
  Import took 0.015991 seconds .

========================================================================
Received Import Request.
  Time since last request: 0.000195 seconds.
  path: Assets/Source/Servival Game/Textures/Deep_Green_Texture.png
  artifactKey: Guid(7d03c8df2dbe140149aaacf4b4574d0b) Importer(815301076,1909f56bfc062723c751e8b465ee728b)
Start importing Assets/Source/Servival Game/Textures/Deep_Green_Texture.png using Guid(7d03c8df2dbe140149aaacf4b4574d0b) Importer(815301076,1909f56bfc062723c751e8b465ee728b)  -> (artifact id: '0ac798e1cb1edd1f83b34edbebc1469f') in 0.015233 seconds
  Import took 0.017089 seconds .

========================================================================
Received Import Request.
  Time since last request: 0.000160 seconds.
  path: Assets/Source/Servival Game/Textures/Wet_Sand_Texture.png
  artifactKey: Guid(e79afa11158aa437c8142771e0d1111f) Importer(815301076,1909f56bfc062723c751e8b465ee728b)
Start importing Assets/Source/Servival Game/Textures/Wet_Sand_Texture.png using Guid(e79afa11158aa437c8142771e0d1111f) Importer(815301076,1909f56bfc062723c751e8b465ee728b)  -> (artifact id: '8af0fe3a35f3bfd2051e6cca417e876d') in 0.028676 seconds
  Import took 0.030462 seconds .

========================================================================
Received Import Request.
  Time since last request: 0.000253 seconds.
  path: Assets/Source/Servival Game/Textures/PickAxe.png
  artifactKey: Guid(89d7774d70dc24a578362a678677bc00) Importer(815301076,1909f56bfc062723c751e8b465ee728b)
Start importing Assets/Source/Servival Game/Textures/PickAxe.png using Guid(89d7774d70dc24a578362a678677bc00) Importer(815301076,1909f56bfc062723c751e8b465ee728b)  -> (artifact id: '01f37ac9eeeef7e7594cc06332f71dda') in 0.011367 seconds
  Import took 0.013911 seconds .

========================================================================
Received Import Request.
  Time since last request: 10.046545 seconds.
  path: Assets/Source/Servival Game/Image/UI/Archemy Table/Archemy_Base_Arrow.png
  artifactKey: Guid(56ae75e566461438f9dc71efe9badedd) Importer(815301076,1909f56bfc062723c751e8b465ee728b)
Start importing Assets/Source/Servival Game/Image/UI/Archemy Table/Archemy_Base_Arrow.png using Guid(56ae75e566461438f9dc71efe9badedd) Importer(815301076,1909f56bfc062723c751e8b465ee728b)  -> (artifact id: '1ee1251aba01ed991a623e375de1ae3c') in 0.007967 seconds
  Import took 0.010398 seconds .

========================================================================
Received Import Request.
  Time since last request: 0.000228 seconds.
  path: Assets/Source/Servival Game/Image/UI/Archemy Table/Archemy_Base_UI.png
  artifactKey: Guid(166448d62a93942a2a57d50367cc5a9f) Importer(815301076,1909f56bfc062723c751e8b465ee728b)
Start importing Assets/Source/Servival Game/Image/UI/Archemy Table/Archemy_Base_UI.png using Guid(166448d62a93942a2a57d50367cc5a9f) Importer(815301076,1909f56bfc062723c751e8b465ee728b)  -> (artifact id: '6d0732f145614a75c3eec275514ccb0d') in 0.007486 seconds
  Import took 0.009852 seconds .

========================================================================
Received Import Request.
  Time since last request: 0.000204 seconds.
  path: Assets/Source/Servival Game/Image/UI/BasicSurvivalKitComputer/BasicSurvivalKitComputer_UI_CircleSlot.png
  artifactKey: Guid(e41a6118418ec4bbe9607c32bb64f047) Importer(815301076,1909f56bfc062723c751e8b465ee728b)
Start importing Assets/Source/Servival Game/Image/UI/BasicSurvivalKitComputer/BasicSurvivalKitComputer_UI_CircleSlot.png using Guid(e41a6118418ec4bbe9607c32bb64f047) Importer(815301076,1909f56bfc062723c751e8b465ee728b)  -> (artifact id: '5874459ae1ec47f6e57ea82369ffea45') in 0.006352 seconds
  Import took 0.008601 seconds .

========================================================================
Received Import Request.
  Time since last request: 0.000278 seconds.
  path: Assets/Source/Servival Game/Image/UI/BasicSurvivalKitComputer/BasicSurvivalKitComputer_UI_Base.png
  artifactKey: Guid(e7d7a129452624826bd2283cd6ffad24) Importer(815301076,1909f56bfc062723c751e8b465ee728b)
Start importing Assets/Source/Servival Game/Image/UI/BasicSurvivalKitComputer/BasicSurvivalKitComputer_UI_Base.png using Guid(e7d7a129452624826bd2283cd6ffad24) Importer(815301076,1909f56bfc062723c751e8b465ee728b)  -> (artifact id: '3b947cf6b271295d9caa61dcb163832a') in 0.007521 seconds
  Import took 0.010587 seconds .

========================================================================
Received Import Request.
  Time since last request: 0.000882 seconds.
  path: Assets/Source/Servival Game/Image/UI/Craft_Manual/Craft_Manual_Base_Arrow.png
  artifactKey: Guid(5b2f0d5585e9948d5aac8c2b14352c2b) Importer(815301076,1909f56bfc062723c751e8b465ee728b)
Start importing Assets/Source/Servival Game/Image/UI/Craft_Manual/Craft_Manual_Base_Arrow.png using Guid(5b2f0d5585e9948d5aac8c2b14352c2b) Importer(815301076,1909f56bfc062723c751e8b465ee728b)  -> (artifact id: 'ac8a2661f5c693f4fafec524760658c5') in 0.019360 seconds
  Import took 0.025004 seconds .

========================================================================
Received Import Request.
  Time since last request: 0.000439 seconds.
  path: Assets/Source/Servival Game/Image/UI/Craft_Manual/Craft_Manual_Base_Slot.png
  artifactKey: Guid(d9d199db33e024b41b8711b4c236cfb6) Importer(815301076,1909f56bfc062723c751e8b465ee728b)
Start importing Assets/Source/Servival Game/Image/UI/Craft_Manual/Craft_Manual_Base_Slot.png using Guid(d9d199db33e024b41b8711b4c236cfb6) Importer(815301076,1909f56bfc062723c751e8b465ee728b)  -> (artifact id: '6e9c01c742929a47c8b136b193cccccc') in 0.016474 seconds
  Import took 0.019742 seconds .

========================================================================
Received Import Request.
  Time since last request: 0.000244 seconds.
  path: Assets/Source/Servival Game/Image/UI/Archemy Table/Archemy_Button.png
  artifactKey: Guid(b891238ce5e624417b6fc48e06a609e3) Importer(815301076,1909f56bfc062723c751e8b465ee728b)
Start importing Assets/Source/Servival Game/Image/UI/Archemy Table/Archemy_Button.png using Guid(b891238ce5e624417b6fc48e06a609e3) Importer(815301076,1909f56bfc062723c751e8b465ee728b)  -> (artifact id: 'cb26e799a8b5a3d641318f410978cf25') in 0.005763 seconds
  Import took 0.007955 seconds .

========================================================================
Received Import Request.
  Time since last request: 0.000261 seconds.
  path: Assets/Source/Servival Game/Image/UI/BasicSurvivalKitComputer/BasicSurvivalKitComputer_UI_ToolTip.png
  artifactKey: Guid(55e5f06180a5d4dc0b5c3e2a422214e6) Importer(815301076,1909f56bfc062723c751e8b465ee728b)
Start importing Assets/Source/Servival Game/Image/UI/BasicSurvivalKitComputer/BasicSurvivalKitComputer_UI_ToolTip.png using Guid(55e5f06180a5d4dc0b5c3e2a422214e6) Importer(815301076,1909f56bfc062723c751e8b465ee728b)  -> (artifact id: '7379579c289ace65f06a40d703f661b5') in 0.007002 seconds
  Import took 0.010224 seconds .

========================================================================
Received Import Request.
  Time since last request: 0.000600 seconds.
  path: Assets/Source/Servival Game/Image/UI/BasicSurvivalKitComputer/BasicSurvivalKitComputer_UI_CircleSlot_0_ArchemyTable.png
  artifactKey: Guid(187bea2ec12f2476d887d3e2abee8228) Importer(815301076,1909f56bfc062723c751e8b465ee728b)
Start importing Assets/Source/Servival Game/Image/UI/BasicSurvivalKitComputer/BasicSurvivalKitComputer_UI_CircleSlot_0_ArchemyTable.png using Guid(187bea2ec12f2476d887d3e2abee8228) Importer(815301076,1909f56bfc062723c751e8b465ee728b)  -> (artifact id: '9ec8990717cd898ffa53ff1b4f5a1d2b') in 0.013875 seconds
  Import took 0.018425 seconds .

========================================================================
Received Import Request.
  Time since last request: 60.229936 seconds.
  path: Assets/Source/Servival Game/NewLayer.terrainlayer
  artifactKey: Guid(13843b79065174b5fa42b3ebed8b5fca) Importer(815301076,1909f56bfc062723c751e8b465ee728b)
Start importing Assets/Source/Servival Game/NewLayer.terrainlayer using Guid(13843b79065174b5fa42b3ebed8b5fca) Importer(815301076,1909f56bfc062723c751e8b465ee728b)  -> (artifact id: '17a61a6bbe281babc44702e9b929299a') in 0.012702 seconds
  Import took 0.018678 seconds .

========================================================================
Received Import Request.
  Time since last request: 0.007765 seconds.
  path: Assets/Source/Servival Game/NewLayer.terrainlayer
  artifactKey: Guid(13843b79065174b5fa42b3ebed8b5fca) Importer(815301076,1909f56bfc062723c751e8b465ee728b)
Start importing Assets/Source/Servival Game/NewLayer.terrainlayer using Guid(13843b79065174b5fa42b3ebed8b5fca) Importer(815301076,1909f56bfc062723c751e8b465ee728b)  -> (artifact id: '17a61a6bbe281babc44702e9b929299a') in 0.013646 seconds
  Import took 0.018993 seconds .

========================================================================
Received Prepare
Registering precompiled user dll's ...
Registered in 0.001884 seconds.
Begin MonoManager ReloadAssembly
Native extension for OSXStandalone target not found
Native extension for WebGL target not found
Refreshing native plugins compatible for Editor in 0.24 ms, found 1 plugins.
Preloading 0 native plugins for Editor in 0.00 ms.
Mono: successfully reloaded assembly
- Completed reload, in  1.036 seconds
Platform modules already initialized, skipping
Refreshing native plugins compatible for Editor in 0.40 ms, found 1 plugins.
Preloading 0 native plugins for Editor in 0.00 ms.
Unloading 1113 Unused Serialized files (Serialized files now loaded: 0)
System memory in use before: 121.7 MB.
System memory in use after: 121.7 MB.

Unloading 5 unused Assets to reduce memory usage. Loaded Objects now: 1573.
Total: 2.141786 ms (FindLiveObjects: 0.298639 ms CreateObjectMapping: 0.136532 ms MarkObjects: 1.653690 ms  DeleteObjects: 0.051803 ms)

