Using pre-set license

 COMMAND LINE ARGUMENTS:
/Applications/Unity/Hub/Editor/2020.3.9f1/Unity.app/Contents/MacOS/Unity
-adb2
-batchMode
-noUpm
-name
AssetImportWorker0
-projectPath
/Users/shinyijin/GitHub/Learn-Unity/FP Survival Game
-logFile
Logs/AssetImportWorker0.log
-srvPort
64074
Successfully changed project path to: /Users/shinyijin/GitHub/Learn-Unity/FP Survival Game
/Users/shinyijin/GitHub/Learn-Unity/FP Survival Game
Using Asset Import Pipeline V2.
Refreshing native plugins compatible for Editor in 30.35 ms, found 1 plugins.
Preloading 0 native plugins for Editor in 0.00 ms.
Initialize engine version: 2020.3.9f1 (108be757e447)
[Subsystems] Discovering subsystems at path /Applications/Unity/Hub/Editor/2020.3.9f1/Unity.app/Contents/Resources/UnitySubsystems
[Subsystems] Discovering subsystems at path /Users/shinyijin/GitHub/Learn-Unity/FP Survival Game/Assets
GfxDevice: creating device client; threaded=0
2021-08-14 13:37:28.715 Unity[10739:776158] Color LCD preferred device: Intel(R) Iris(TM) Plus Graphics 655 (low power)
2021-08-14 13:37:28.715 Unity[10739:776158] Metal devices available: 1
2021-08-14 13:37:28.715 Unity[10739:776158] 0: Intel(R) Iris(TM) Plus Graphics 655 (low power)
2021-08-14 13:37:28.716 Unity[10739:776158] Using device Intel(R) Iris(TM) Plus Graphics 655 (low power)
Initializing Metal device caps: Intel(R) Iris(TM) Plus Graphics 655
Initialize mono
Mono path[0] = '/Applications/Unity/Hub/Editor/2020.3.9f1/Unity.app/Contents/Managed'
Mono path[1] = '/Applications/Unity/Hub/Editor/2020.3.9f1/Unity.app/Contents/MonoBleedingEdge/lib/mono/unityjit'
Mono config path = '/Applications/Unity/Hub/Editor/2020.3.9f1/Unity.app/Contents/MonoBleedingEdge/etc'
Using monoOptions --debugger-agent=transport=dt_socket,embedding=1,server=y,suspend=n,address=127.0.0.1:56739
Begin MonoManager ReloadAssembly
Registering precompiled unity dll's ...
Register platform support module: /Applications/Unity/Hub/Editor/2020.3.9f1/PlaybackEngines/WebGLSupport/UnityEditor.WebGL.Extensions.dll
Register platform support module: /Applications/Unity/Hub/Editor/2020.3.9f1/Unity.app/Contents/PlaybackEngines/MacStandaloneSupport/UnityEditor.OSXStandalone.Extensions.dll
Registered in 0.003607 seconds.
Native extension for OSXStandalone target not found
Native extension for WebGL target not found
Refreshing native plugins compatible for Editor in 35.81 ms, found 1 plugins.
Preloading 0 native plugins for Editor in 0.00 ms.
Mono: successfully reloaded assembly
- Completed reload, in  2.128 seconds
Platform modules already initialized, skipping
Registering precompiled user dll's ...
Registered in 0.001542 seconds.
Begin MonoManager ReloadAssembly
Native extension for OSXStandalone target not found
Native extension for WebGL target not found
Refreshing native plugins compatible for Editor in 0.32 ms, found 1 plugins.
Preloading 0 native plugins for Editor in 0.00 ms.
Mono: successfully reloaded assembly
- Completed reload, in  1.067 seconds
Platform modules already initialized, skipping
========================================================================
Worker process is ready to serve import requests
Launching external process: /Applications/Unity/Hub/Editor/2020.3.9f1/Unity.app/Contents/Tools/UnityShaderCompiler
Launched and connected shader compiler UnityShaderCompiler after 0.01 seconds
Refreshing native plugins compatible for Editor in 0.30 ms, found 1 plugins.
Preloading 0 native plugins for Editor in 0.00 ms.
Unloading 1265 Unused Serialized files (Serialized files now loaded: 0)
System memory in use before: 134.3 MB.
System memory in use after: 134.3 MB.

Unloading 11 unused Assets to reduce memory usage. Loaded Objects now: 1726.
Total: 1.779464 ms (FindLiveObjects: 0.161796 ms CreateObjectMapping: 0.037671 ms MarkObjects: 1.424776 ms  DeleteObjects: 0.154110 ms)

========================================================================
Received Import Request.
  path: Assets/Script/3D Survival Game/PlayerController.cs
  artifactKey: Guid(a9cc6b777944348f78a1a5d1ed3a378f) Importer(815301076,1909f56bfc062723c751e8b465ee728b)
Start importing Assets/Script/3D Survival Game/PlayerController.cs using Guid(a9cc6b777944348f78a1a5d1ed3a378f) Importer(815301076,1909f56bfc062723c751e8b465ee728b)  -> (artifact id: '01008475c2c40bd9f40c38de5a5f6d85') in 0.441364 seconds
  Import took 0.444750 seconds .

========================================================================
Received Import Request.
  Time since last request: 0.000749 seconds.
  path: Assets/Script/3D Survival Game/Item.cs
  artifactKey: Guid(3f1e4cc0f920241ac9ba219fd44e83ab) Importer(815301076,1909f56bfc062723c751e8b465ee728b)
Start importing Assets/Script/3D Survival Game/Item.cs using Guid(3f1e4cc0f920241ac9ba219fd44e83ab) Importer(815301076,1909f56bfc062723c751e8b465ee728b)  -> (artifact id: '08ee9c0ff3481a6c1a86045ecec2802f') in 0.004502 seconds
  Import took 0.006746 seconds .

========================================================================
Received Import Request.
  Time since last request: 20.208157 seconds.
  path: Assets/Items/Rock.asset
  artifactKey: Guid(12217d9affa254a1fa39b371f7b3569b) Importer(815301076,1909f56bfc062723c751e8b465ee728b)
Start importing Assets/Items/Rock.asset using Guid(12217d9affa254a1fa39b371f7b3569b) Importer(815301076,1909f56bfc062723c751e8b465ee728b)  -> (artifact id: '3ab38bc8f93d4fc5b5928b70e69c0f4d') in 1.286310 seconds
  Import took 1.289768 seconds .

========================================================================
Received Prepare
Registering precompiled user dll's ...
Registered in 0.000452 seconds.
Begin MonoManager ReloadAssembly
Native extension for OSXStandalone target not found
Native extension for WebGL target not found
Refreshing native plugins compatible for Editor in 0.29 ms, found 1 plugins.
Preloading 0 native plugins for Editor in 0.00 ms.
Mono: successfully reloaded assembly
- Completed reload, in  0.987 seconds
Platform modules already initialized, skipping
Refreshing native plugins compatible for Editor in 0.34 ms, found 1 plugins.
Preloading 0 native plugins for Editor in 0.00 ms.
Unloading 1239 Unused Serialized files (Serialized files now loaded: 0)
System memory in use before: 140.9 MB.
System memory in use after: 141.0 MB.

Unloading 6 unused Assets to reduce memory usage. Loaded Objects now: 1729.
Total: 2.042657 ms (FindLiveObjects: 0.169104 ms CreateObjectMapping: 0.040160 ms MarkObjects: 1.732946 ms  DeleteObjects: 0.099407 ms)

========================================================================
Received Prepare
Registering precompiled user dll's ...
Registered in 0.001793 seconds.
Begin MonoManager ReloadAssembly
Native extension for OSXStandalone target not found
Native extension for WebGL target not found
Refreshing native plugins compatible for Editor in 0.30 ms, found 1 plugins.
Preloading 0 native plugins for Editor in 0.00 ms.
Mono: successfully reloaded assembly
- Completed reload, in  1.034 seconds
Platform modules already initialized, skipping
Refreshing native plugins compatible for Editor in 0.34 ms, found 1 plugins.
Preloading 0 native plugins for Editor in 0.00 ms.
Unloading 1239 Unused Serialized files (Serialized files now loaded: 0)
System memory in use before: 141.2 MB.
System memory in use after: 141.2 MB.

Unloading 6 unused Assets to reduce memory usage. Loaded Objects now: 1732.
Total: 1.788099 ms (FindLiveObjects: 0.202227 ms CreateObjectMapping: 0.044945 ms MarkObjects: 1.456898 ms  DeleteObjects: 0.083073 ms)

========================================================================
Received Import Request.
  Time since last request: 561.763498 seconds.
  path: Assets/Source/Servival Game/Image/UI/Inventory/Inventory_Base.png
  artifactKey: Guid(d142580318704444cadceca1a1af6364) Importer(815301076,1909f56bfc062723c751e8b465ee728b)
Start importing Assets/Source/Servival Game/Image/UI/Inventory/Inventory_Base.png using Guid(d142580318704444cadceca1a1af6364) Importer(815301076,1909f56bfc062723c751e8b465ee728b)  -> (artifact id: '3af30a9be106c84bfbebec0cc81d63ba') in 1.193082 seconds
  Import took 1.196309 seconds .

========================================================================
Received Import Request.
  Time since last request: 0.000267 seconds.
  path: Assets/Source/Servival Game/Image/UI/Inventory/Inventory_Slot.png
  artifactKey: Guid(0856710f1401241078315441d0a4adbd) Importer(815301076,1909f56bfc062723c751e8b465ee728b)
Start importing Assets/Source/Servival Game/Image/UI/Inventory/Inventory_Slot.png using Guid(0856710f1401241078315441d0a4adbd) Importer(815301076,1909f56bfc062723c751e8b465ee728b)  -> (artifact id: '6c612ea0daaee982b15c3bafb8a33266') in 0.013454 seconds
  Import took 0.016233 seconds .

========================================================================
Received Import Request.
  Time since last request: 0.000460 seconds.
  path: Assets/Source/Servival Game/Image/UI/Inventory/Inventory_Slot_Count_UI.png
  artifactKey: Guid(8e569634c2c8b4d3b928284b18317448) Importer(815301076,1909f56bfc062723c751e8b465ee728b)
Start importing Assets/Source/Servival Game/Image/UI/Inventory/Inventory_Slot_Count_UI.png using Guid(8e569634c2c8b4d3b928284b18317448) Importer(815301076,1909f56bfc062723c751e8b465ee728b)  -> (artifact id: 'c5b5b58e6ff109ffd110838a9e6c13cf') in 0.024259 seconds
  Import took 0.028020 seconds .

========================================================================
Received Import Request.
  Time since last request: 6.632138 seconds.
  path: Assets/Source/Servival Game/Image/UI/Inventory/Inventory_Base.png
  artifactKey: Guid(d142580318704444cadceca1a1af6364) Importer(815301076,1909f56bfc062723c751e8b465ee728b)
Start importing Assets/Source/Servival Game/Image/UI/Inventory/Inventory_Base.png using Guid(d142580318704444cadceca1a1af6364) Importer(815301076,1909f56bfc062723c751e8b465ee728b)  -> (artifact id: 'dc6eeb4ef23b6ab4b8e8093390d607a9') in 0.018187 seconds
  Import took 0.021416 seconds .

========================================================================
Received Import Request.
  Time since last request: 6.070093 seconds.
  path: Assets/Source/Servival Game/Image/UI/Inventory/Inventory_Slot.png
  artifactKey: Guid(0856710f1401241078315441d0a4adbd) Importer(815301076,1909f56bfc062723c751e8b465ee728b)
Start importing Assets/Source/Servival Game/Image/UI/Inventory/Inventory_Slot.png using Guid(0856710f1401241078315441d0a4adbd) Importer(815301076,1909f56bfc062723c751e8b465ee728b)  -> (artifact id: '008c1fcd7ee4ed8d013500b0ba81bfc7') in 0.017339 seconds
  Import took 0.020140 seconds .

========================================================================
Received Import Request.
  Time since last request: 4.610546 seconds.
  path: Assets/Source/Servival Game/Image/UI/Inventory/Inventory_Slot_Count_UI.png
  artifactKey: Guid(8e569634c2c8b4d3b928284b18317448) Importer(815301076,1909f56bfc062723c751e8b465ee728b)
Start importing Assets/Source/Servival Game/Image/UI/Inventory/Inventory_Slot_Count_UI.png using Guid(8e569634c2c8b4d3b928284b18317448) Importer(815301076,1909f56bfc062723c751e8b465ee728b)  -> (artifact id: '51a81169b6596ebcb49e6f57327a1926') in 0.013725 seconds
  Import took 0.017363 seconds .

========================================================================
Received Import Request.
  Time since last request: 535.429010 seconds.
  path: Assets/Script/3D Survival Game/UI_Script/Slot.cs
  artifactKey: Guid(70e9ff46fdb764b5b84aab127a03a299) Importer(815301076,1909f56bfc062723c751e8b465ee728b)
Start importing Assets/Script/3D Survival Game/UI_Script/Slot.cs using Guid(70e9ff46fdb764b5b84aab127a03a299) Importer(815301076,1909f56bfc062723c751e8b465ee728b)  -> (artifact id: '965eaceaa59337363e761aa9628d0e75') in 0.007403 seconds
  Import took 0.010785 seconds .

========================================================================
Received Prepare
Registering precompiled user dll's ...
Registered in 0.000441 seconds.
Begin MonoManager ReloadAssembly
Native extension for OSXStandalone target not found
Native extension for WebGL target not found
Refreshing native plugins compatible for Editor in 0.31 ms, found 1 plugins.
Preloading 0 native plugins for Editor in 0.00 ms.
Mono: successfully reloaded assembly
- Completed reload, in  1.066 seconds
Platform modules already initialized, skipping
Refreshing native plugins compatible for Editor in 0.68 ms, found 1 plugins.
Preloading 0 native plugins for Editor in 0.00 ms.
Unloading 1240 Unused Serialized files (Serialized files now loaded: 0)
System memory in use before: 149.3 MB.
System memory in use after: 149.4 MB.

Unloading 6 unused Assets to reduce memory usage. Loaded Objects now: 1746.
Total: 1.675946 ms (FindLiveObjects: 0.182765 ms CreateObjectMapping: 0.041035 ms MarkObjects: 1.363858 ms  DeleteObjects: 0.087282 ms)

========================================================================
Received Import Request.
  Time since last request: 35.043073 seconds.
  path: Assets/Prefabs/UIPrefabs
  artifactKey: Guid(3ae1f4edca6f04bd2970711e70b3cea2) Importer(815301076,1909f56bfc062723c751e8b465ee728b)
Start importing Assets/Prefabs/UIPrefabs using Guid(3ae1f4edca6f04bd2970711e70b3cea2) Importer(815301076,1909f56bfc062723c751e8b465ee728b)  -> (artifact id: '51a32792f2497bbd872c1224c0a7305c') in 0.005449 seconds
  Import took 0.009691 seconds .

========================================================================
Received Import Request.
  Time since last request: 3.761679 seconds.
  path: Assets/Prefabs/UIPrefabs/Slot.prefab
  artifactKey: Guid(78f696fef67e24e5dbf70d39fcde26eb) Importer(815301076,1909f56bfc062723c751e8b465ee728b)
Start importing Assets/Prefabs/UIPrefabs/Slot.prefab using Guid(78f696fef67e24e5dbf70d39fcde26eb) Importer(815301076,1909f56bfc062723c751e8b465ee728b)  -> (artifact id: 'f0ad52fcc81625f2ee9bb76ca368f58b') in 0.412876 seconds
  Import took 0.417430 seconds .

========================================================================
Received Import Request.
  Time since last request: 9.071211 seconds.
  path: Assets/VIRTI/VOXEL-Forniture-FREE/Example/Standard Assets/CrossPlatformInput/Sprites/ButtonTimescaleFullUpSprite.png
  artifactKey: Guid(0c6271a290ef75b4c97d58746c86c5b8) Importer(815301076,1909f56bfc062723c751e8b465ee728b)
Start importing Assets/VIRTI/VOXEL-Forniture-FREE/Example/Standard Assets/CrossPlatformInput/Sprites/ButtonTimescaleFullUpSprite.png using Guid(0c6271a290ef75b4c97d58746c86c5b8) Importer(815301076,1909f56bfc062723c751e8b465ee728b)  -> (artifact id: '8beb592deb78baf19b1828905cef39f3') in 0.047209 seconds
  Import took 0.050471 seconds .

========================================================================
Received Import Request.
  Time since last request: 0.000217 seconds.
  path: Assets/VIRTI/VOXEL-Forniture-FREE/Example/Standard Assets/CrossPlatformInput/Sprites/ButtonTimescaleSlowUpSprite.png
  artifactKey: Guid(9d7c6e4896067aa4fa512a00f692ac1c) Importer(815301076,1909f56bfc062723c751e8b465ee728b)
Start importing Assets/VIRTI/VOXEL-Forniture-FREE/Example/Standard Assets/CrossPlatformInput/Sprites/ButtonTimescaleSlowUpSprite.png using Guid(9d7c6e4896067aa4fa512a00f692ac1c) Importer(815301076,1909f56bfc062723c751e8b465ee728b)  -> (artifact id: 'f2322fbb8a3aaf91b17538aa4cdf5d90') in 0.011020 seconds
  Import took 0.013417 seconds .

========================================================================
Received Import Request.
  Time since last request: 28.597899 seconds.
  path: Assets/Prefabs/UIPrefabs/Slot.prefab
  artifactKey: Guid(78f696fef67e24e5dbf70d39fcde26eb) Importer(815301076,1909f56bfc062723c751e8b465ee728b)
Start importing Assets/Prefabs/UIPrefabs/Slot.prefab using Guid(78f696fef67e24e5dbf70d39fcde26eb) Importer(815301076,1909f56bfc062723c751e8b465ee728b)  -> (artifact id: '570737c027e13bbc2ceeaacfd8f097c1') in 0.010381 seconds
  Import took 0.015939 seconds .

========================================================================
Received Import Request.
  Time since last request: 36.441256 seconds.
  path: Assets/Prefabs/UIPrefabs/Slot.prefab
  artifactKey: Guid(78f696fef67e24e5dbf70d39fcde26eb) Importer(815301076,1909f56bfc062723c751e8b465ee728b)
Start importing Assets/Prefabs/UIPrefabs/Slot.prefab using Guid(78f696fef67e24e5dbf70d39fcde26eb) Importer(815301076,1909f56bfc062723c751e8b465ee728b)  -> (artifact id: 'afacdae3e756063f3f8c463ed2322cdd') in 0.005778 seconds
  Import took 0.010081 seconds .

========================================================================
Received Import Request.
  Time since last request: 0.000984 seconds.
  path: Assets/Prefabs/UIPrefabs/Slot.prefab
  artifactKey: Guid(78f696fef67e24e5dbf70d39fcde26eb) Importer(815301076,1909f56bfc062723c751e8b465ee728b)
Start importing Assets/Prefabs/UIPrefabs/Slot.prefab using Guid(78f696fef67e24e5dbf70d39fcde26eb) Importer(815301076,1909f56bfc062723c751e8b465ee728b)  -> (artifact id: 'afacdae3e756063f3f8c463ed2322cdd') in 0.003505 seconds
  Import took 0.005970 seconds .

========================================================================
Received Import Request.
  Time since last request: 57.113397 seconds.
  path: Assets/Prefabs/UIPrefabs/Slot.prefab
  artifactKey: Guid(78f696fef67e24e5dbf70d39fcde26eb) Importer(815301076,1909f56bfc062723c751e8b465ee728b)
Start importing Assets/Prefabs/UIPrefabs/Slot.prefab using Guid(78f696fef67e24e5dbf70d39fcde26eb) Importer(815301076,1909f56bfc062723c751e8b465ee728b)  -> (artifact id: '66f162222870089b94fd71157088b8bb') in 0.006848 seconds
  Import took 0.009893 seconds .

========================================================================
Received Import Request.
  Time since last request: 0.001042 seconds.
  path: Assets/Prefabs/UIPrefabs/Slot.prefab
  artifactKey: Guid(78f696fef67e24e5dbf70d39fcde26eb) Importer(815301076,1909f56bfc062723c751e8b465ee728b)
Start importing Assets/Prefabs/UIPrefabs/Slot.prefab using Guid(78f696fef67e24e5dbf70d39fcde26eb) Importer(815301076,1909f56bfc062723c751e8b465ee728b)  -> (artifact id: '66f162222870089b94fd71157088b8bb') in 0.003777 seconds
  Import took 0.006403 seconds .

========================================================================
Received Prepare
Registering precompiled user dll's ...
Registered in 0.000857 seconds.
Begin MonoManager ReloadAssembly
Native extension for OSXStandalone target not found
Native extension for WebGL target not found
Refreshing native plugins compatible for Editor in 0.32 ms, found 1 plugins.
Preloading 0 native plugins for Editor in 0.00 ms.
Mono: successfully reloaded assembly
- Completed reload, in  1.018 seconds
Platform modules already initialized, skipping
Refreshing native plugins compatible for Editor in 0.34 ms, found 1 plugins.
Preloading 0 native plugins for Editor in 0.00 ms.
Unloading 1240 Unused Serialized files (Serialized files now loaded: 0)
System memory in use before: 153.9 MB.
System memory in use after: 154.0 MB.

Unloading 6 unused Assets to reduce memory usage. Loaded Objects now: 1754.
Total: 2.045297 ms (FindLiveObjects: 0.167188 ms CreateObjectMapping: 0.040443 ms MarkObjects: 1.724588 ms  DeleteObjects: 0.112016 ms)

========================================================================
Received Import Request.
  Time since last request: 660.236890 seconds.
  path: Assets/Prefabs/UIPrefabs/Slot.prefab
  artifactKey: Guid(78f696fef67e24e5dbf70d39fcde26eb) Importer(815301076,1909f56bfc062723c751e8b465ee728b)
Start importing Assets/Prefabs/UIPrefabs/Slot.prefab using Guid(78f696fef67e24e5dbf70d39fcde26eb) Importer(815301076,1909f56bfc062723c751e8b465ee728b)  -> (artifact id: '60e9cb52463a2c07b6a43a4c91b6ee87') in 0.036715 seconds
  Import took 0.040041 seconds .

========================================================================
Received Prepare
Registering precompiled user dll's ...
Registered in 0.001070 seconds.
Begin MonoManager ReloadAssembly
Native extension for OSXStandalone target not found
Native extension for WebGL target not found
Refreshing native plugins compatible for Editor in 0.39 ms, found 1 plugins.
Preloading 0 native plugins for Editor in 0.00 ms.
Mono: successfully reloaded assembly
- Completed reload, in  1.014 seconds
Platform modules already initialized, skipping
Refreshing native plugins compatible for Editor in 0.37 ms, found 1 plugins.
Preloading 0 native plugins for Editor in 0.00 ms.
Unloading 1240 Unused Serialized files (Serialized files now loaded: 0)
System memory in use before: 154.2 MB.
System memory in use after: 154.2 MB.

Unloading 6 unused Assets to reduce memory usage. Loaded Objects now: 1757.
Total: 1.852800 ms (FindLiveObjects: 0.180658 ms CreateObjectMapping: 0.043015 ms MarkObjects: 1.541737 ms  DeleteObjects: 0.086426 ms)

========================================================================
Received Prepare
Registering precompiled user dll's ...
Registered in 0.000478 seconds.
Begin MonoManager ReloadAssembly
Native extension for OSXStandalone target not found
Native extension for WebGL target not found
Refreshing native plugins compatible for Editor in 0.32 ms, found 1 plugins.
Preloading 0 native plugins for Editor in 0.00 ms.
Mono: successfully reloaded assembly
- Completed reload, in  1.000 seconds
Platform modules already initialized, skipping
Refreshing native plugins compatible for Editor in 0.33 ms, found 1 plugins.
Preloading 0 native plugins for Editor in 0.00 ms.
Unloading 1240 Unused Serialized files (Serialized files now loaded: 0)
System memory in use before: 154.5 MB.
System memory in use after: 154.5 MB.

Unloading 6 unused Assets to reduce memory usage. Loaded Objects now: 1760.
Total: 1.600338 ms (FindLiveObjects: 0.152315 ms CreateObjectMapping: 0.038551 ms MarkObjects: 1.291375 ms  DeleteObjects: 0.116962 ms)

========================================================================
Received Import Request.
  Time since last request: 182.901175 seconds.
  path: Assets/Script/3D Survival Game/UI_Script/Inventory.cs
  artifactKey: Guid(dee2d365814884266a9497f7e5b25bff) Importer(815301076,1909f56bfc062723c751e8b465ee728b)
Start importing Assets/Script/3D Survival Game/UI_Script/Inventory.cs using Guid(dee2d365814884266a9497f7e5b25bff) Importer(815301076,1909f56bfc062723c751e8b465ee728b)  -> (artifact id: 'c934b86e7e21ce11b43b4a176d35053f') in 0.005868 seconds
  Import took 0.009163 seconds .

========================================================================
Received Prepare
Registering precompiled user dll's ...
Registered in 0.000494 seconds.
Begin MonoManager ReloadAssembly
Native extension for OSXStandalone target not found
Native extension for WebGL target not found
Refreshing native plugins compatible for Editor in 0.29 ms, found 1 plugins.
Preloading 0 native plugins for Editor in 0.00 ms.
Mono: successfully reloaded assembly
- Completed reload, in  1.067 seconds
Platform modules already initialized, skipping
Refreshing native plugins compatible for Editor in 0.30 ms, found 1 plugins.
Preloading 0 native plugins for Editor in 0.00 ms.
Unloading 1241 Unused Serialized files (Serialized files now loaded: 0)
System memory in use before: 154.7 MB.
System memory in use after: 154.8 MB.

Unloading 6 unused Assets to reduce memory usage. Loaded Objects now: 1764.
Total: 1.695999 ms (FindLiveObjects: 0.163025 ms CreateObjectMapping: 0.036260 ms MarkObjects: 1.403633 ms  DeleteObjects: 0.092057 ms)

========================================================================
Received Prepare
Registering precompiled user dll's ...
Registered in 0.000381 seconds.
Begin MonoManager ReloadAssembly
Native extension for OSXStandalone target not found
Native extension for WebGL target not found
Refreshing native plugins compatible for Editor in 0.31 ms, found 1 plugins.
Preloading 0 native plugins for Editor in 0.00 ms.
Mono: successfully reloaded assembly
- Completed reload, in  0.978 seconds
Platform modules already initialized, skipping
Refreshing native plugins compatible for Editor in 0.30 ms, found 1 plugins.
Preloading 0 native plugins for Editor in 0.00 ms.
Unloading 1241 Unused Serialized files (Serialized files now loaded: 0)
System memory in use before: 155.0 MB.
System memory in use after: 155.0 MB.

Unloading 6 unused Assets to reduce memory usage. Loaded Objects now: 1767.
Total: 1.806685 ms (FindLiveObjects: 0.149814 ms CreateObjectMapping: 0.036516 ms MarkObjects: 1.523054 ms  DeleteObjects: 0.096376 ms)

========================================================================
Received Import Request.
  Time since last request: 333.161848 seconds.
  path: Assets/Script/3D Survival Game/UI_Script/Inventory.cs
  artifactKey: Guid(dee2d365814884266a9497f7e5b25bff) Importer(815301076,1909f56bfc062723c751e8b465ee728b)
Start importing Assets/Script/3D Survival Game/UI_Script/Inventory.cs using Guid(dee2d365814884266a9497f7e5b25bff) Importer(815301076,1909f56bfc062723c751e8b465ee728b)  -> (artifact id: 'e65006ebac403488d557370a4cd323a2') in 0.003996 seconds
  Import took 0.007030 seconds .

========================================================================
Received Prepare
Registering precompiled user dll's ...
Registered in 0.000586 seconds.
Begin MonoManager ReloadAssembly
Native extension for OSXStandalone target not found
Native extension for WebGL target not found
Refreshing native plugins compatible for Editor in 0.31 ms, found 1 plugins.
Preloading 0 native plugins for Editor in 0.00 ms.
Mono: successfully reloaded assembly
- Completed reload, in  0.985 seconds
Platform modules already initialized, skipping
Refreshing native plugins compatible for Editor in 0.36 ms, found 1 plugins.
Preloading 0 native plugins for Editor in 0.00 ms.
Unloading 1241 Unused Serialized files (Serialized files now loaded: 0)
System memory in use before: 155.2 MB.
System memory in use after: 155.3 MB.

Unloading 6 unused Assets to reduce memory usage. Loaded Objects now: 1770.
Total: 1.870085 ms (FindLiveObjects: 0.211381 ms CreateObjectMapping: 0.047593 ms MarkObjects: 1.511363 ms  DeleteObjects: 0.098798 ms)

========================================================================
Received Prepare
Registering precompiled user dll's ...
Registered in 0.000721 seconds.
Begin MonoManager ReloadAssembly
Native extension for OSXStandalone target not found
Native extension for WebGL target not found
Refreshing native plugins compatible for Editor in 0.30 ms, found 1 plugins.
Preloading 0 native plugins for Editor in 0.00 ms.
Mono: successfully reloaded assembly
- Completed reload, in  1.049 seconds
Platform modules already initialized, skipping
Refreshing native plugins compatible for Editor in 0.47 ms, found 1 plugins.
Preloading 0 native plugins for Editor in 0.00 ms.
Unloading 1241 Unused Serialized files (Serialized files now loaded: 0)
System memory in use before: 155.6 MB.
System memory in use after: 155.6 MB.

Unloading 6 unused Assets to reduce memory usage. Loaded Objects now: 1773.
Total: 2.296713 ms (FindLiveObjects: 0.147925 ms CreateObjectMapping: 0.036326 ms MarkObjects: 2.025947 ms  DeleteObjects: 0.085533 ms)

========================================================================
Received Prepare
Registering precompiled user dll's ...
Registered in 0.000469 seconds.
Begin MonoManager ReloadAssembly
Native extension for OSXStandalone target not found
Native extension for WebGL target not found
Refreshing native plugins compatible for Editor in 0.31 ms, found 1 plugins.
Preloading 0 native plugins for Editor in 0.00 ms.
Mono: successfully reloaded assembly
- Completed reload, in  0.983 seconds
Platform modules already initialized, skipping
Refreshing native plugins compatible for Editor in 0.34 ms, found 1 plugins.
Preloading 0 native plugins for Editor in 0.00 ms.
Unloading 1241 Unused Serialized files (Serialized files now loaded: 0)
System memory in use before: 155.8 MB.
System memory in use after: 155.9 MB.

Unloading 6 unused Assets to reduce memory usage. Loaded Objects now: 1776.
Total: 1.941943 ms (FindLiveObjects: 0.342402 ms CreateObjectMapping: 0.048296 ms MarkObjects: 1.454495 ms  DeleteObjects: 0.095515 ms)

========================================================================
Received Prepare
Registering precompiled user dll's ...
Registered in 0.001571 seconds.
Begin MonoManager ReloadAssembly
Native extension for OSXStandalone target not found
Native extension for WebGL target not found
Refreshing native plugins compatible for Editor in 0.32 ms, found 1 plugins.
Preloading 0 native plugins for Editor in 0.00 ms.
Mono: successfully reloaded assembly
- Completed reload, in  1.025 seconds
Platform modules already initialized, skipping
Refreshing native plugins compatible for Editor in 0.27 ms, found 1 plugins.
Preloading 0 native plugins for Editor in 0.00 ms.
Unloading 1241 Unused Serialized files (Serialized files now loaded: 0)
System memory in use before: 156.1 MB.
System memory in use after: 156.1 MB.

Unloading 6 unused Assets to reduce memory usage. Loaded Objects now: 1779.
Total: 2.189840 ms (FindLiveObjects: 0.187893 ms CreateObjectMapping: 0.039973 ms MarkObjects: 1.763578 ms  DeleteObjects: 0.197319 ms)

========================================================================
Received Prepare
Registering precompiled user dll's ...
Registered in 0.000473 seconds.
Begin MonoManager ReloadAssembly
Native extension for OSXStandalone target not found
Native extension for WebGL target not found
Refreshing native plugins compatible for Editor in 0.31 ms, found 1 plugins.
Preloading 0 native plugins for Editor in 0.00 ms.
Mono: successfully reloaded assembly
- Completed reload, in  1.030 seconds
Platform modules already initialized, skipping
Refreshing native plugins compatible for Editor in 0.27 ms, found 1 plugins.
Preloading 0 native plugins for Editor in 0.00 ms.
Unloading 1241 Unused Serialized files (Serialized files now loaded: 0)
System memory in use before: 156.4 MB.
System memory in use after: 156.4 MB.

Unloading 6 unused Assets to reduce memory usage. Loaded Objects now: 1782.
Total: 1.665104 ms (FindLiveObjects: 0.149732 ms CreateObjectMapping: 0.038156 ms MarkObjects: 1.391461 ms  DeleteObjects: 0.084930 ms)

========================================================================
Received Prepare
Registering precompiled user dll's ...
Registered in 0.000453 seconds.
Begin MonoManager ReloadAssembly
Native extension for OSXStandalone target not found
Native extension for WebGL target not found
Refreshing native plugins compatible for Editor in 0.32 ms, found 1 plugins.
Preloading 0 native plugins for Editor in 0.00 ms.
Mono: successfully reloaded assembly
- Completed reload, in  1.005 seconds
Platform modules already initialized, skipping
Refreshing native plugins compatible for Editor in 0.27 ms, found 1 plugins.
Preloading 0 native plugins for Editor in 0.00 ms.
Unloading 1241 Unused Serialized files (Serialized files now loaded: 0)
System memory in use before: 156.6 MB.
System memory in use after: 156.6 MB.

Unloading 6 unused Assets to reduce memory usage. Loaded Objects now: 1785.
Total: 1.636618 ms (FindLiveObjects: 0.160707 ms CreateObjectMapping: 0.037615 ms MarkObjects: 1.350691 ms  DeleteObjects: 0.086557 ms)

========================================================================
Received Prepare
Registering precompiled user dll's ...
Registered in 0.000854 seconds.
Begin MonoManager ReloadAssembly
Native extension for OSXStandalone target not found
Native extension for WebGL target not found
Refreshing native plugins compatible for Editor in 0.32 ms, found 1 plugins.
Preloading 0 native plugins for Editor in 0.00 ms.
Mono: successfully reloaded assembly
- Completed reload, in  0.988 seconds
Platform modules already initialized, skipping
Refreshing native plugins compatible for Editor in 0.28 ms, found 1 plugins.
Preloading 0 native plugins for Editor in 0.00 ms.
Unloading 1241 Unused Serialized files (Serialized files now loaded: 0)
System memory in use before: 156.9 MB.
System memory in use after: 156.9 MB.

Unloading 6 unused Assets to reduce memory usage. Loaded Objects now: 1788.
Total: 1.646430 ms (FindLiveObjects: 0.177698 ms CreateObjectMapping: 0.042574 ms MarkObjects: 1.335874 ms  DeleteObjects: 0.089348 ms)

========================================================================
Received Prepare
Registering precompiled user dll's ...
Registered in 0.000453 seconds.
Begin MonoManager ReloadAssembly
Native extension for OSXStandalone target not found
Native extension for WebGL target not found
Refreshing native plugins compatible for Editor in 0.30 ms, found 1 plugins.
Preloading 0 native plugins for Editor in 0.00 ms.
Mono: successfully reloaded assembly
- Completed reload, in  0.995 seconds
Platform modules already initialized, skipping
Refreshing native plugins compatible for Editor in 0.31 ms, found 1 plugins.
Preloading 0 native plugins for Editor in 0.00 ms.
Unloading 1241 Unused Serialized files (Serialized files now loaded: 0)
System memory in use before: 157.1 MB.
System memory in use after: 157.1 MB.

Unloading 6 unused Assets to reduce memory usage. Loaded Objects now: 1791.
Total: 1.872116 ms (FindLiveObjects: 0.183850 ms CreateObjectMapping: 0.044321 ms MarkObjects: 1.540524 ms  DeleteObjects: 0.102483 ms)

========================================================================
Received Prepare
Registering precompiled user dll's ...
Registered in 0.000445 seconds.
Begin MonoManager ReloadAssembly
Native extension for OSXStandalone target not found
Native extension for WebGL target not found
Refreshing native plugins compatible for Editor in 0.32 ms, found 1 plugins.
Preloading 0 native plugins for Editor in 0.00 ms.
Mono: successfully reloaded assembly
- Completed reload, in  1.012 seconds
Platform modules already initialized, skipping
Refreshing native plugins compatible for Editor in 0.28 ms, found 1 plugins.
Preloading 0 native plugins for Editor in 0.00 ms.
Unloading 1241 Unused Serialized files (Serialized files now loaded: 0)
System memory in use before: 157.3 MB.
System memory in use after: 157.4 MB.

Unloading 6 unused Assets to reduce memory usage. Loaded Objects now: 1794.
Total: 1.755175 ms (FindLiveObjects: 0.179334 ms CreateObjectMapping: 0.036760 ms MarkObjects: 1.458641 ms  DeleteObjects: 0.079542 ms)

========================================================================
Received Prepare
Registering precompiled user dll's ...
Registered in 0.001179 seconds.
Begin MonoManager ReloadAssembly
Native extension for OSXStandalone target not found
Native extension for WebGL target not found
Refreshing native plugins compatible for Editor in 0.40 ms, found 1 plugins.
Preloading 0 native plugins for Editor in 0.00 ms.
Mono: successfully reloaded assembly
- Completed reload, in  1.045 seconds
Platform modules already initialized, skipping
Refreshing native plugins compatible for Editor in 0.32 ms, found 1 plugins.
Preloading 0 native plugins for Editor in 0.00 ms.
Unloading 1241 Unused Serialized files (Serialized files now loaded: 0)
System memory in use before: 157.6 MB.
System memory in use after: 157.6 MB.

Unloading 6 unused Assets to reduce memory usage. Loaded Objects now: 1797.
Total: 1.852747 ms (FindLiveObjects: 0.192355 ms CreateObjectMapping: 0.045578 ms MarkObjects: 1.511840 ms  DeleteObjects: 0.102099 ms)

========================================================================
Received Prepare
Registering precompiled user dll's ...
Registered in 0.000462 seconds.
Begin MonoManager ReloadAssembly
Native extension for OSXStandalone target not found
Native extension for WebGL target not found
Refreshing native plugins compatible for Editor in 0.28 ms, found 1 plugins.
Preloading 0 native plugins for Editor in 0.00 ms.
Mono: successfully reloaded assembly
- Completed reload, in  0.972 seconds
Platform modules already initialized, skipping
Refreshing native plugins compatible for Editor in 0.28 ms, found 1 plugins.
Preloading 0 native plugins for Editor in 0.00 ms.
Unloading 1241 Unused Serialized files (Serialized files now loaded: 0)
System memory in use before: 157.8 MB.
System memory in use after: 157.9 MB.

Unloading 6 unused Assets to reduce memory usage. Loaded Objects now: 1800.
Total: 1.669972 ms (FindLiveObjects: 0.160750 ms CreateObjectMapping: 0.039221 ms MarkObjects: 1.383283 ms  DeleteObjects: 0.085770 ms)

========================================================================
Received Prepare
Registering precompiled user dll's ...
Registered in 0.001797 seconds.
Begin MonoManager ReloadAssembly
Native extension for OSXStandalone target not found
Native extension for WebGL target not found
Refreshing native plugins compatible for Editor in 0.32 ms, found 1 plugins.
Preloading 0 native plugins for Editor in 0.00 ms.
Mono: successfully reloaded assembly
- Completed reload, in  1.023 seconds
Platform modules already initialized, skipping
Refreshing native plugins compatible for Editor in 0.30 ms, found 1 plugins.
Preloading 0 native plugins for Editor in 0.00 ms.
Unloading 1241 Unused Serialized files (Serialized files now loaded: 0)
System memory in use before: 158.1 MB.
System memory in use after: 158.1 MB.

Unloading 6 unused Assets to reduce memory usage. Loaded Objects now: 1803.
Total: 1.718553 ms (FindLiveObjects: 0.186420 ms CreateObjectMapping: 0.043680 ms MarkObjects: 1.396304 ms  DeleteObjects: 0.091135 ms)

========================================================================
Received Prepare
Registering precompiled user dll's ...
Registered in 0.000489 seconds.
Begin MonoManager ReloadAssembly
Native extension for OSXStandalone target not found
Native extension for WebGL target not found
Refreshing native plugins compatible for Editor in 0.30 ms, found 1 plugins.
Preloading 0 native plugins for Editor in 0.00 ms.
Mono: successfully reloaded assembly
- Completed reload, in  0.981 seconds
Platform modules already initialized, skipping
Refreshing native plugins compatible for Editor in 0.27 ms, found 1 plugins.
Preloading 0 native plugins for Editor in 0.00 ms.
Unloading 1241 Unused Serialized files (Serialized files now loaded: 0)
System memory in use before: 158.4 MB.
System memory in use after: 158.4 MB.

Unloading 6 unused Assets to reduce memory usage. Loaded Objects now: 1806.
Total: 1.627552 ms (FindLiveObjects: 0.161064 ms CreateObjectMapping: 0.032869 ms MarkObjects: 1.353134 ms  DeleteObjects: 0.079641 ms)

========================================================================
Received Prepare
Registering precompiled user dll's ...
Registered in 0.001142 seconds.
Begin MonoManager ReloadAssembly
Native extension for OSXStandalone target not found
Native extension for WebGL target not found
Refreshing native plugins compatible for Editor in 0.28 ms, found 1 plugins.
Preloading 0 native plugins for Editor in 0.00 ms.
Mono: successfully reloaded assembly
- Completed reload, in  1.003 seconds
Platform modules already initialized, skipping
Refreshing native plugins compatible for Editor in 0.34 ms, found 1 plugins.
Preloading 0 native plugins for Editor in 0.00 ms.
Unloading 1241 Unused Serialized files (Serialized files now loaded: 0)
System memory in use before: 158.6 MB.
System memory in use after: 158.6 MB.

Unloading 6 unused Assets to reduce memory usage. Loaded Objects now: 1809.
Total: 1.638481 ms (FindLiveObjects: 0.161964 ms CreateObjectMapping: 0.039597 ms MarkObjects: 1.349364 ms  DeleteObjects: 0.086586 ms)

========================================================================
Received Prepare
Registering precompiled user dll's ...
Registered in 0.001579 seconds.
Begin MonoManager ReloadAssembly
Native extension for OSXStandalone target not found
Native extension for WebGL target not found
Refreshing native plugins compatible for Editor in 0.32 ms, found 1 plugins.
Preloading 0 native plugins for Editor in 0.00 ms.
Mono: successfully reloaded assembly
- Completed reload, in  0.986 seconds
Platform modules already initialized, skipping
Refreshing native plugins compatible for Editor in 0.31 ms, found 1 plugins.
Preloading 0 native plugins for Editor in 0.00 ms.
Unloading 1241 Unused Serialized files (Serialized files now loaded: 0)
System memory in use before: 158.9 MB.
System memory in use after: 158.9 MB.

Unloading 6 unused Assets to reduce memory usage. Loaded Objects now: 1812.
Total: 2.014905 ms (FindLiveObjects: 0.180839 ms CreateObjectMapping: 0.039739 ms MarkObjects: 1.655696 ms  DeleteObjects: 0.137583 ms)

========================================================================
Received Prepare
Registering precompiled user dll's ...
Registered in 0.000454 seconds.
Begin MonoManager ReloadAssembly
Native extension for OSXStandalone target not found
Native extension for WebGL target not found
Refreshing native plugins compatible for Editor in 0.32 ms, found 1 plugins.
Preloading 0 native plugins for Editor in 0.00 ms.
Mono: successfully reloaded assembly
- Completed reload, in  0.997 seconds
Platform modules already initialized, skipping
Refreshing native plugins compatible for Editor in 0.28 ms, found 1 plugins.
Preloading 0 native plugins for Editor in 0.00 ms.
Unloading 1241 Unused Serialized files (Serialized files now loaded: 0)
System memory in use before: 159.1 MB.
System memory in use after: 159.1 MB.

Unloading 6 unused Assets to reduce memory usage. Loaded Objects now: 1815.
Total: 2.182944 ms (FindLiveObjects: 0.256670 ms CreateObjectMapping: 0.191204 ms MarkObjects: 1.637022 ms  DeleteObjects: 0.097088 ms)

========================================================================
Received Prepare
Registering precompiled user dll's ...
Registered in 0.000430 seconds.
Begin MonoManager ReloadAssembly
Native extension for OSXStandalone target not found
Native extension for WebGL target not found
Refreshing native plugins compatible for Editor in 0.29 ms, found 1 plugins.
Preloading 0 native plugins for Editor in 0.00 ms.
Mono: successfully reloaded assembly
- Completed reload, in  0.989 seconds
Platform modules already initialized, skipping
Refreshing native plugins compatible for Editor in 0.28 ms, found 1 plugins.
Preloading 0 native plugins for Editor in 0.00 ms.
Unloading 1241 Unused Serialized files (Serialized files now loaded: 0)
System memory in use before: 159.3 MB.
System memory in use after: 159.4 MB.

Unloading 6 unused Assets to reduce memory usage. Loaded Objects now: 1818.
Total: 1.685427 ms (FindLiveObjects: 0.170208 ms CreateObjectMapping: 0.039044 ms MarkObjects: 1.393115 ms  DeleteObjects: 0.081928 ms)

========================================================================
Received Prepare
Registering precompiled user dll's ...
Registered in 0.001023 seconds.
Begin MonoManager ReloadAssembly
Native extension for OSXStandalone target not found
Native extension for WebGL target not found
Refreshing native plugins compatible for Editor in 0.37 ms, found 1 plugins.
Preloading 0 native plugins for Editor in 0.00 ms.
Mono: successfully reloaded assembly
- Completed reload, in  1.179 seconds
Platform modules already initialized, skipping
Refreshing native plugins compatible for Editor in 0.34 ms, found 1 plugins.
Preloading 0 native plugins for Editor in 0.00 ms.
Unloading 1241 Unused Serialized files (Serialized files now loaded: 0)
System memory in use before: 159.6 MB.
System memory in use after: 159.6 MB.

Unloading 6 unused Assets to reduce memory usage. Loaded Objects now: 1821.
Total: 1.835203 ms (FindLiveObjects: 0.229791 ms CreateObjectMapping: 0.048181 ms MarkObjects: 1.459828 ms  DeleteObjects: 0.096367 ms)

========================================================================
Received Prepare
Registering precompiled user dll's ...
Registered in 0.000448 seconds.
Begin MonoManager ReloadAssembly
Native extension for OSXStandalone target not found
Native extension for WebGL target not found
Refreshing native plugins compatible for Editor in 0.32 ms, found 1 plugins.
Preloading 0 native plugins for Editor in 0.00 ms.
Mono: successfully reloaded assembly
- Completed reload, in  0.998 seconds
Platform modules already initialized, skipping
Refreshing native plugins compatible for Editor in 0.29 ms, found 1 plugins.
Preloading 0 native plugins for Editor in 0.00 ms.
Unloading 1241 Unused Serialized files (Serialized files now loaded: 0)
System memory in use before: 159.9 MB.
System memory in use after: 159.9 MB.

Unloading 6 unused Assets to reduce memory usage. Loaded Objects now: 1824.
Total: 2.456737 ms (FindLiveObjects: 0.209019 ms CreateObjectMapping: 0.044211 ms MarkObjects: 2.075421 ms  DeleteObjects: 0.126699 ms)

========================================================================
Received Prepare
Registering precompiled user dll's ...
Registered in 0.000414 seconds.
Begin MonoManager ReloadAssembly
Native extension for OSXStandalone target not found
Native extension for WebGL target not found
Refreshing native plugins compatible for Editor in 0.30 ms, found 1 plugins.
Preloading 0 native plugins for Editor in 0.00 ms.
Mono: successfully reloaded assembly
- Completed reload, in  1.026 seconds
Platform modules already initialized, skipping
Refreshing native plugins compatible for Editor in 0.33 ms, found 1 plugins.
Preloading 0 native plugins for Editor in 0.00 ms.
Unloading 1241 Unused Serialized files (Serialized files now loaded: 0)
System memory in use before: 160.1 MB.
System memory in use after: 160.2 MB.

Unloading 6 unused Assets to reduce memory usage. Loaded Objects now: 1827.
Total: 1.590760 ms (FindLiveObjects: 0.158750 ms CreateObjectMapping: 0.038913 ms MarkObjects: 1.309132 ms  DeleteObjects: 0.082980 ms)

========================================================================
Received Prepare
Registering precompiled user dll's ...
Registered in 0.000535 seconds.
Begin MonoManager ReloadAssembly
Native extension for OSXStandalone target not found
Native extension for WebGL target not found
Refreshing native plugins compatible for Editor in 0.31 ms, found 1 plugins.
Preloading 0 native plugins for Editor in 0.00 ms.
Mono: successfully reloaded assembly
- Completed reload, in  1.013 seconds
Platform modules already initialized, skipping
Refreshing native plugins compatible for Editor in 0.29 ms, found 1 plugins.
Preloading 0 native plugins for Editor in 0.00 ms.
Unloading 1241 Unused Serialized files (Serialized files now loaded: 0)
System memory in use before: 160.4 MB.
System memory in use after: 160.4 MB.

Unloading 6 unused Assets to reduce memory usage. Loaded Objects now: 1830.
Total: 1.734803 ms (FindLiveObjects: 0.243193 ms CreateObjectMapping: 0.061504 ms MarkObjects: 1.341119 ms  DeleteObjects: 0.087957 ms)

========================================================================
Received Prepare
Registering precompiled user dll's ...
Registered in 0.000439 seconds.
Begin MonoManager ReloadAssembly
Native extension for OSXStandalone target not found
Native extension for WebGL target not found
Refreshing native plugins compatible for Editor in 0.30 ms, found 1 plugins.
Preloading 0 native plugins for Editor in 0.00 ms.
Mono: successfully reloaded assembly
- Completed reload, in  1.023 seconds
Platform modules already initialized, skipping
Refreshing native plugins compatible for Editor in 0.28 ms, found 1 plugins.
Preloading 0 native plugins for Editor in 0.00 ms.
Unloading 1241 Unused Serialized files (Serialized files now loaded: 0)
System memory in use before: 160.6 MB.
System memory in use after: 160.7 MB.

Unloading 6 unused Assets to reduce memory usage. Loaded Objects now: 1833.
Total: 1.623101 ms (FindLiveObjects: 0.158595 ms CreateObjectMapping: 0.036936 ms MarkObjects: 1.341945 ms  DeleteObjects: 0.084579 ms)

========================================================================
Received Import Request.
  Time since last request: 3320.272394 seconds.
  path: Assets/Script/3D Survival Game/UI_Script/DragSlot.cs
  artifactKey: Guid(3b4843e07b37b4d0f9194c0ef16de929) Importer(815301076,1909f56bfc062723c751e8b465ee728b)
Start importing Assets/Script/3D Survival Game/UI_Script/DragSlot.cs using Guid(3b4843e07b37b4d0f9194c0ef16de929) Importer(815301076,1909f56bfc062723c751e8b465ee728b)  -> (artifact id: '5b5e7e56017980da84b7ab19f8db1446') in 0.013870 seconds
  Import took 0.017545 seconds .

========================================================================
Received Prepare
Registering precompiled user dll's ...
Registered in 0.000427 seconds.
Begin MonoManager ReloadAssembly
Native extension for OSXStandalone target not found
Native extension for WebGL target not found
Refreshing native plugins compatible for Editor in 0.30 ms, found 1 plugins.
Preloading 0 native plugins for Editor in 0.00 ms.
Mono: successfully reloaded assembly
- Completed reload, in  1.051 seconds
Platform modules already initialized, skipping
Refreshing native plugins compatible for Editor in 0.27 ms, found 1 plugins.
Preloading 0 native plugins for Editor in 0.00 ms.
Unloading 1242 Unused Serialized files (Serialized files now loaded: 0)
System memory in use before: 160.9 MB.
System memory in use after: 161.0 MB.

Unloading 6 unused Assets to reduce memory usage. Loaded Objects now: 1837.
Total: 1.866460 ms (FindLiveObjects: 0.161151 ms CreateObjectMapping: 0.038100 ms MarkObjects: 1.578826 ms  DeleteObjects: 0.087471 ms)

========================================================================
Received Prepare
Registering precompiled user dll's ...
Registered in 0.000595 seconds.
Begin MonoManager ReloadAssembly
Native extension for OSXStandalone target not found
Native extension for WebGL target not found
Refreshing native plugins compatible for Editor in 0.32 ms, found 1 plugins.
Preloading 0 native plugins for Editor in 0.00 ms.
Mono: successfully reloaded assembly
- Completed reload, in  1.003 seconds
Platform modules already initialized, skipping
Refreshing native plugins compatible for Editor in 0.31 ms, found 1 plugins.
Preloading 0 native plugins for Editor in 0.00 ms.
Unloading 1242 Unused Serialized files (Serialized files now loaded: 0)
System memory in use before: 161.2 MB.
System memory in use after: 161.2 MB.

Unloading 6 unused Assets to reduce memory usage. Loaded Objects now: 1840.
Total: 1.666355 ms (FindLiveObjects: 0.159687 ms CreateObjectMapping: 0.037137 ms MarkObjects: 1.381935 ms  DeleteObjects: 0.086458 ms)

========================================================================
Received Import Request.
  Time since last request: 221.432829 seconds.
  path: Assets/Script/3D Survival Game/UI_Script/DragSlot.cs
  artifactKey: Guid(3b4843e07b37b4d0f9194c0ef16de929) Importer(815301076,1909f56bfc062723c751e8b465ee728b)
Start importing Assets/Script/3D Survival Game/UI_Script/DragSlot.cs using Guid(3b4843e07b37b4d0f9194c0ef16de929) Importer(815301076,1909f56bfc062723c751e8b465ee728b)  -> (artifact id: '285bc5c19811b23a7e610b06b5cb70a2') in 0.004047 seconds
  Import took 0.006721 seconds .

========================================================================
Received Prepare
Registering precompiled user dll's ...
Registered in 0.000546 seconds.
Begin MonoManager ReloadAssembly
Native extension for OSXStandalone target not found
Native extension for WebGL target not found
Refreshing native plugins compatible for Editor in 0.32 ms, found 1 plugins.
Preloading 0 native plugins for Editor in 0.00 ms.
Mono: successfully reloaded assembly
- Completed reload, in  0.968 seconds
Platform modules already initialized, skipping
Refreshing native plugins compatible for Editor in 0.30 ms, found 1 plugins.
Preloading 0 native plugins for Editor in 0.00 ms.
Unloading 1242 Unused Serialized files (Serialized files now loaded: 0)
System memory in use before: 161.4 MB.
System memory in use after: 161.5 MB.

Unloading 6 unused Assets to reduce memory usage. Loaded Objects now: 1843.
Total: 1.710538 ms (FindLiveObjects: 0.160464 ms CreateObjectMapping: 0.040855 ms MarkObjects: 1.423108 ms  DeleteObjects: 0.085063 ms)

========================================================================
Received Prepare
Registering precompiled user dll's ...
Registered in 0.000414 seconds.
Begin MonoManager ReloadAssembly
Native extension for OSXStandalone target not found
Native extension for WebGL target not found
Refreshing native plugins compatible for Editor in 0.30 ms, found 1 plugins.
Preloading 0 native plugins for Editor in 0.00 ms.
Mono: successfully reloaded assembly
- Completed reload, in  0.990 seconds
Platform modules already initialized, skipping
Refreshing native plugins compatible for Editor in 0.31 ms, found 1 plugins.
Preloading 0 native plugins for Editor in 0.00 ms.
Unloading 1242 Unused Serialized files (Serialized files now loaded: 0)
System memory in use before: 161.7 MB.
System memory in use after: 161.7 MB.

Unloading 6 unused Assets to reduce memory usage. Loaded Objects now: 1846.
Total: 1.715452 ms (FindLiveObjects: 0.152872 ms CreateObjectMapping: 0.037088 ms MarkObjects: 1.439352 ms  DeleteObjects: 0.084931 ms)

========================================================================
Received Prepare
Registering precompiled user dll's ...
Registered in 0.000505 seconds.
Begin MonoManager ReloadAssembly
Native extension for OSXStandalone target not found
Native extension for WebGL target not found
Refreshing native plugins compatible for Editor in 0.53 ms, found 1 plugins.
Preloading 0 native plugins for Editor in 0.00 ms.
Mono: successfully reloaded assembly
- Completed reload, in  1.156 seconds
Platform modules already initialized, skipping
Refreshing native plugins compatible for Editor in 0.29 ms, found 1 plugins.
Preloading 0 native plugins for Editor in 0.00 ms.
Unloading 1242 Unused Serialized files (Serialized files now loaded: 0)
System memory in use before: 162.0 MB.
System memory in use after: 162.0 MB.

Unloading 6 unused Assets to reduce memory usage. Loaded Objects now: 1849.
Total: 1.904665 ms (FindLiveObjects: 0.220900 ms CreateObjectMapping: 0.042570 ms MarkObjects: 1.551294 ms  DeleteObjects: 0.088895 ms)

========================================================================
Received Prepare
Registering precompiled user dll's ...
Registered in 0.000507 seconds.
Begin MonoManager ReloadAssembly
Native extension for OSXStandalone target not found
Native extension for WebGL target not found
Refreshing native plugins compatible for Editor in 0.35 ms, found 1 plugins.
Preloading 0 native plugins for Editor in 0.00 ms.
Mono: successfully reloaded assembly
- Completed reload, in  1.104 seconds
Platform modules already initialized, skipping
Refreshing native plugins compatible for Editor in 0.30 ms, found 1 plugins.
Preloading 0 native plugins for Editor in 0.00 ms.
Unloading 1242 Unused Serialized files (Serialized files now loaded: 0)
System memory in use before: 162.2 MB.
System memory in use after: 162.2 MB.

Unloading 6 unused Assets to reduce memory usage. Loaded Objects now: 1852.
Total: 2.007217 ms (FindLiveObjects: 0.203247 ms CreateObjectMapping: 0.044851 ms MarkObjects: 1.655572 ms  DeleteObjects: 0.101363 ms)

========================================================================
Received Prepare
Registering precompiled user dll's ...
Registered in 0.000537 seconds.
Begin MonoManager ReloadAssembly
Native extension for OSXStandalone target not found
Native extension for WebGL target not found
Refreshing native plugins compatible for Editor in 0.69 ms, found 1 plugins.
Preloading 0 native plugins for Editor in 0.00 ms.
Mono: successfully reloaded assembly
- Completed reload, in  1.126 seconds
Platform modules already initialized, skipping
Refreshing native plugins compatible for Editor in 0.31 ms, found 1 plugins.
Preloading 0 native plugins for Editor in 0.00 ms.
Unloading 1242 Unused Serialized files (Serialized files now loaded: 0)
System memory in use before: 162.5 MB.
System memory in use after: 162.5 MB.

Unloading 6 unused Assets to reduce memory usage. Loaded Objects now: 1855.
Total: 1.831237 ms (FindLiveObjects: 0.169790 ms CreateObjectMapping: 0.046943 ms MarkObjects: 1.520306 ms  DeleteObjects: 0.093149 ms)

========================================================================
Received Prepare
Registering precompiled user dll's ...
Registered in 0.000522 seconds.
Begin MonoManager ReloadAssembly
Native extension for OSXStandalone target not found
Native extension for WebGL target not found
Refreshing native plugins compatible for Editor in 0.31 ms, found 1 plugins.
Preloading 0 native plugins for Editor in 0.00 ms.
Mono: successfully reloaded assembly
- Completed reload, in  1.049 seconds
Platform modules already initialized, skipping
Refreshing native plugins compatible for Editor in 0.33 ms, found 1 plugins.
Preloading 0 native plugins for Editor in 0.00 ms.
Unloading 1242 Unused Serialized files (Serialized files now loaded: 0)
System memory in use before: 162.7 MB.
System memory in use after: 162.8 MB.

Unloading 6 unused Assets to reduce memory usage. Loaded Objects now: 1858.
Total: 1.833790 ms (FindLiveObjects: 0.221215 ms CreateObjectMapping: 0.042711 ms MarkObjects: 1.472852 ms  DeleteObjects: 0.095585 ms)

========================================================================
Received Prepare
Registering precompiled user dll's ...
Registered in 0.000440 seconds.
Begin MonoManager ReloadAssembly
Native extension for OSXStandalone target not found
Native extension for WebGL target not found
Refreshing native plugins compatible for Editor in 0.31 ms, found 1 plugins.
Preloading 0 native plugins for Editor in 0.00 ms.
Mono: successfully reloaded assembly
- Completed reload, in  0.978 seconds
Platform modules already initialized, skipping
Refreshing native plugins compatible for Editor in 0.31 ms, found 1 plugins.
Preloading 0 native plugins for Editor in 0.00 ms.
Unloading 1242 Unused Serialized files (Serialized files now loaded: 0)
System memory in use before: 163.0 MB.
System memory in use after: 163.0 MB.

Unloading 6 unused Assets to reduce memory usage. Loaded Objects now: 1861.
Total: 1.830647 ms (FindLiveObjects: 0.175966 ms CreateObjectMapping: 0.038952 ms MarkObjects: 1.521239 ms  DeleteObjects: 0.093396 ms)

========================================================================
Received Prepare
Registering precompiled user dll's ...
Registered in 0.000597 seconds.
Begin MonoManager ReloadAssembly
Native extension for OSXStandalone target not found
Native extension for WebGL target not found
Refreshing native plugins compatible for Editor in 0.36 ms, found 1 plugins.
Preloading 0 native plugins for Editor in 0.00 ms.
Mono: successfully reloaded assembly
- Completed reload, in  0.955 seconds
Platform modules already initialized, skipping
Refreshing native plugins compatible for Editor in 0.31 ms, found 1 plugins.
Preloading 0 native plugins for Editor in 0.00 ms.
Unloading 1242 Unused Serialized files (Serialized files now loaded: 0)
System memory in use before: 163.2 MB.
System memory in use after: 163.3 MB.

Unloading 6 unused Assets to reduce memory usage. Loaded Objects now: 1864.
Total: 1.904342 ms (FindLiveObjects: 0.178732 ms CreateObjectMapping: 0.040533 ms MarkObjects: 1.589747 ms  DeleteObjects: 0.094403 ms)

========================================================================
Received Prepare
Registering precompiled user dll's ...
Registered in 0.000436 seconds.
Begin MonoManager ReloadAssembly
Native extension for OSXStandalone target not found
Native extension for WebGL target not found
Refreshing native plugins compatible for Editor in 0.27 ms, found 1 plugins.
Preloading 0 native plugins for Editor in 0.00 ms.
Mono: successfully reloaded assembly
- Completed reload, in  1.007 seconds
Platform modules already initialized, skipping
Refreshing native plugins compatible for Editor in 0.30 ms, found 1 plugins.
Preloading 0 native plugins for Editor in 0.00 ms.
Unloading 1242 Unused Serialized files (Serialized files now loaded: 0)
System memory in use before: 163.5 MB.
System memory in use after: 163.5 MB.

Unloading 6 unused Assets to reduce memory usage. Loaded Objects now: 1867.
Total: 1.796636 ms (FindLiveObjects: 0.267044 ms CreateObjectMapping: 0.073599 ms MarkObjects: 1.363654 ms  DeleteObjects: 0.090997 ms)

========================================================================
Received Prepare
Registering precompiled user dll's ...
Registered in 0.000539 seconds.
Begin MonoManager ReloadAssembly
Native extension for OSXStandalone target not found
Native extension for WebGL target not found
Refreshing native plugins compatible for Editor in 0.39 ms, found 1 plugins.
Preloading 0 native plugins for Editor in 0.00 ms.
Mono: successfully reloaded assembly
- Completed reload, in  1.035 seconds
Platform modules already initialized, skipping
Refreshing native plugins compatible for Editor in 0.27 ms, found 1 plugins.
Preloading 0 native plugins for Editor in 0.00 ms.
Unloading 1242 Unused Serialized files (Serialized files now loaded: 0)
System memory in use before: 163.7 MB.
System memory in use after: 163.8 MB.

Unloading 6 unused Assets to reduce memory usage. Loaded Objects now: 1870.
Total: 1.685122 ms (FindLiveObjects: 0.168952 ms CreateObjectMapping: 0.039894 ms MarkObjects: 1.387749 ms  DeleteObjects: 0.087700 ms)

========================================================================
Received Prepare
Registering precompiled user dll's ...
Registered in 0.001788 seconds.
Begin MonoManager ReloadAssembly
Native extension for OSXStandalone target not found
Native extension for WebGL target not found
Refreshing native plugins compatible for Editor in 0.30 ms, found 1 plugins.
Preloading 0 native plugins for Editor in 0.00 ms.
Mono: successfully reloaded assembly
- Completed reload, in  1.066 seconds
Platform modules already initialized, skipping
Refreshing native plugins compatible for Editor in 0.41 ms, found 1 plugins.
Preloading 0 native plugins for Editor in 0.00 ms.
Unloading 1242 Unused Serialized files (Serialized files now loaded: 0)
System memory in use before: 164.0 MB.
System memory in use after: 164.0 MB.

Unloading 6 unused Assets to reduce memory usage. Loaded Objects now: 1873.
Total: 1.961223 ms (FindLiveObjects: 0.176416 ms CreateObjectMapping: 0.042454 ms MarkObjects: 1.619194 ms  DeleteObjects: 0.122342 ms)

========================================================================
Received Prepare
Registering precompiled user dll's ...
Registered in 0.000387 seconds.
Begin MonoManager ReloadAssembly
Native extension for OSXStandalone target not found
Native extension for WebGL target not found
Refreshing native plugins compatible for Editor in 0.31 ms, found 1 plugins.
Preloading 0 native plugins for Editor in 0.00 ms.
Mono: successfully reloaded assembly
- Completed reload, in  0.976 seconds
Platform modules already initialized, skipping
Refreshing native plugins compatible for Editor in 0.29 ms, found 1 plugins.
Preloading 0 native plugins for Editor in 0.00 ms.
Unloading 1242 Unused Serialized files (Serialized files now loaded: 0)
System memory in use before: 164.3 MB.
System memory in use after: 164.3 MB.

Unloading 6 unused Assets to reduce memory usage. Loaded Objects now: 1876.
Total: 1.750636 ms (FindLiveObjects: 0.186384 ms CreateObjectMapping: 0.042041 ms MarkObjects: 1.425056 ms  DeleteObjects: 0.096235 ms)

========================================================================
Received Prepare
Registering precompiled user dll's ...
Registered in 0.000543 seconds.
Begin MonoManager ReloadAssembly
Native extension for OSXStandalone target not found
Native extension for WebGL target not found
Refreshing native plugins compatible for Editor in 0.31 ms, found 1 plugins.
Preloading 0 native plugins for Editor in 0.00 ms.
Mono: successfully reloaded assembly
- Completed reload, in  1.002 seconds
Platform modules already initialized, skipping
Refreshing native plugins compatible for Editor in 0.32 ms, found 1 plugins.
Preloading 0 native plugins for Editor in 0.00 ms.
Unloading 1242 Unused Serialized files (Serialized files now loaded: 0)
System memory in use before: 164.5 MB.
System memory in use after: 164.6 MB.

Unloading 6 unused Assets to reduce memory usage. Loaded Objects now: 1879.
Total: 1.737070 ms (FindLiveObjects: 0.164239 ms CreateObjectMapping: 0.038250 ms MarkObjects: 1.450223 ms  DeleteObjects: 0.083308 ms)

========================================================================
Received Prepare
Registering precompiled user dll's ...
Registered in 0.000710 seconds.
Begin MonoManager ReloadAssembly
Native extension for OSXStandalone target not found
Native extension for WebGL target not found
Refreshing native plugins compatible for Editor in 0.32 ms, found 1 plugins.
Preloading 0 native plugins for Editor in 0.00 ms.
Mono: successfully reloaded assembly
- Completed reload, in  1.019 seconds
Platform modules already initialized, skipping
Refreshing native plugins compatible for Editor in 0.34 ms, found 1 plugins.
Preloading 0 native plugins for Editor in 0.00 ms.
Unloading 1242 Unused Serialized files (Serialized files now loaded: 0)
System memory in use before: 164.8 MB.
System memory in use after: 164.8 MB.

Unloading 6 unused Assets to reduce memory usage. Loaded Objects now: 1882.
Total: 1.797688 ms (FindLiveObjects: 0.167180 ms CreateObjectMapping: 0.040705 ms MarkObjects: 1.493696 ms  DeleteObjects: 0.094840 ms)

