Using pre-set license

 COMMAND LINE ARGUMENTS:
/Applications/Unity/Hub/Editor/2020.3.9f1/Unity.app/Contents/MacOS/Unity
-adb2
-batchMode
-noUpm
-name
AssetImportWorker0
-projectPath
/Users/shinyijin/GitHub/Learn-Unity/tutorial2
-logFile
Logs/AssetImportWorker0.log
-srvPort
64055
Successfully changed project path to: /Users/shinyijin/GitHub/Learn-Unity/tutorial2
/Users/shinyijin/GitHub/Learn-Unity/tutorial2
Using Asset Import Pipeline V2.
Refreshing native plugins compatible for Editor in 25.62 ms, found 1 plugins.
Preloading 0 native plugins for Editor in 0.00 ms.
Initialize engine version: 2020.3.9f1 (108be757e447)
[Subsystems] Discovering subsystems at path /Applications/Unity/Hub/Editor/2020.3.9f1/Unity.app/Contents/Resources/UnitySubsystems
[Subsystems] Discovering subsystems at path /Users/shinyijin/GitHub/Learn-Unity/tutorial2/Assets
GfxDevice: creating device client; threaded=0
2021-07-01 22:13:21.227 Unity[12515:944753] Color LCD preferred device: Intel(R) Iris(TM) Plus Graphics 655 (low power)
2021-07-01 22:13:21.227 Unity[12515:944753] Metal devices available: 1
2021-07-01 22:13:21.227 Unity[12515:944753] 0: Intel(R) Iris(TM) Plus Graphics 655 (low power)
2021-07-01 22:13:21.227 Unity[12515:944753] Using device Intel(R) Iris(TM) Plus Graphics 655 (low power)
Initializing Metal device caps: Intel(R) Iris(TM) Plus Graphics 655
Initialize mono
Mono path[0] = '/Applications/Unity/Hub/Editor/2020.3.9f1/Unity.app/Contents/Managed'
Mono path[1] = '/Applications/Unity/Hub/Editor/2020.3.9f1/Unity.app/Contents/MonoBleedingEdge/lib/mono/unityjit'
Mono config path = '/Applications/Unity/Hub/Editor/2020.3.9f1/Unity.app/Contents/MonoBleedingEdge/etc'
Using monoOptions --debugger-agent=transport=dt_socket,embedding=1,server=y,suspend=n,address=127.0.0.1:56515
Begin MonoManager ReloadAssembly
Registering precompiled unity dll's ...
Register platform support module: /Applications/Unity/Hub/Editor/2020.3.9f1/PlaybackEngines/WebGLSupport/UnityEditor.WebGL.Extensions.dll
Register platform support module: /Applications/Unity/Hub/Editor/2020.3.9f1/Unity.app/Contents/PlaybackEngines/MacStandaloneSupport/UnityEditor.OSXStandalone.Extensions.dll
Registered in 0.004909 seconds.
Native extension for OSXStandalone target not found
Native extension for WebGL target not found
Refreshing native plugins compatible for Editor in 26.95 ms, found 1 plugins.
Preloading 0 native plugins for Editor in 0.00 ms.
Mono: successfully reloaded assembly
- Completed reload, in  2.123 seconds
Platform modules already initialized, skipping
Registering precompiled user dll's ...
Registered in 0.002135 seconds.
Begin MonoManager ReloadAssembly
Native extension for OSXStandalone target not found
Native extension for WebGL target not found
Refreshing native plugins compatible for Editor in 0.21 ms, found 1 plugins.
Preloading 0 native plugins for Editor in 0.00 ms.
Mono: successfully reloaded assembly
- Completed reload, in  1.071 seconds
Platform modules already initialized, skipping
========================================================================
Worker process is ready to serve import requests
Launching external process: /Applications/Unity/Hub/Editor/2020.3.9f1/Unity.app/Contents/Tools/UnityShaderCompiler
Launched and connected shader compiler UnityShaderCompiler after 0.02 seconds
Refreshing native plugins compatible for Editor in 0.28 ms, found 1 plugins.
Preloading 0 native plugins for Editor in 0.00 ms.
Unloading 1115 Unused Serialized files (Serialized files now loaded: 0)
System memory in use before: 108.6 MB.
System memory in use after: 108.6 MB.

Unloading 10 unused Assets to reduce memory usage. Loaded Objects now: 1557.
Total: 1.978334 ms (FindLiveObjects: 0.163746 ms CreateObjectMapping: 0.035115 ms MarkObjects: 1.692320 ms  DeleteObjects: 0.086031 ms)

========================================================================
Received Import Request.
  path: Assets/Script
  artifactKey: Guid(fd0a264ed270c4781ae1994c27261837) Importer(815301076,1909f56bfc062723c751e8b465ee728b)
Start importing Assets/Script using Guid(fd0a264ed270c4781ae1994c27261837) Importer(815301076,1909f56bfc062723c751e8b465ee728b)  -> (artifact id: 'da32b3a5f395e046ba692b10ff95b552') in 0.004109 seconds
  Import took 0.005821 seconds .

========================================================================
Received Prepare
Registering precompiled user dll's ...
Registered in 0.000374 seconds.
Begin MonoManager ReloadAssembly
Native extension for OSXStandalone target not found
Native extension for WebGL target not found
Refreshing native plugins compatible for Editor in 0.29 ms, found 1 plugins.
Preloading 0 native plugins for Editor in 0.00 ms.
Mono: successfully reloaded assembly
- Completed reload, in  1.014 seconds
Platform modules already initialized, skipping
Refreshing native plugins compatible for Editor in 0.18 ms, found 1 plugins.
Preloading 0 native plugins for Editor in 0.00 ms.
Unloading 1111 Unused Serialized files (Serialized files now loaded: 0)
System memory in use before: 108.8 MB.
System memory in use after: 108.8 MB.

Unloading 5 unused Assets to reduce memory usage. Loaded Objects now: 1561.
Total: 1.755674 ms (FindLiveObjects: 0.228864 ms CreateObjectMapping: 0.079092 ms MarkObjects: 1.356409 ms  DeleteObjects: 0.090291 ms)

========================================================================
Received Import Request.
  Time since last request: 6.720549 seconds.
  path: Assets/Script/NewBehaviourScript.cs
  artifactKey: Guid(611bad1d29d624369a66c4bacc873da7) Importer(815301076,1909f56bfc062723c751e8b465ee728b)
Start importing Assets/Script/NewBehaviourScript.cs using Guid(611bad1d29d624369a66c4bacc873da7) Importer(815301076,1909f56bfc062723c751e8b465ee728b)  -> (artifact id: '1319b4d6a68dd610015df866458baaf3') in 0.491957 seconds
  Import took 0.494554 seconds .

========================================================================
Received Import Request.
  Time since last request: 5.486343 seconds.
  path: Assets/Script/cylinder.cs
  artifactKey: Guid(611bad1d29d624369a66c4bacc873da7) Importer(815301076,1909f56bfc062723c751e8b465ee728b)
Start importing Assets/Script/cylinder.cs using Guid(611bad1d29d624369a66c4bacc873da7) Importer(815301076,1909f56bfc062723c751e8b465ee728b)  -> (artifact id: 'f785c990900affd04c5189213f400a88') in 0.005010 seconds
  Import took 0.007436 seconds .

========================================================================
Received Prepare
Registering precompiled user dll's ...
Registered in 0.000833 seconds.
Begin MonoManager ReloadAssembly
Native extension for OSXStandalone target not found
Native extension for WebGL target not found
Refreshing native plugins compatible for Editor in 0.25 ms, found 1 plugins.
Preloading 0 native plugins for Editor in 0.00 ms.
Mono: successfully reloaded assembly
- Completed reload, in  1.012 seconds
Platform modules already initialized, skipping
Refreshing native plugins compatible for Editor in 0.18 ms, found 1 plugins.
Preloading 0 native plugins for Editor in 0.00 ms.
Unloading 1111 Unused Serialized files (Serialized files now loaded: 0)
System memory in use before: 113.3 MB.
System memory in use after: 113.4 MB.

Unloading 5 unused Assets to reduce memory usage. Loaded Objects now: 1564.
Total: 1.609593 ms (FindLiveObjects: 0.139785 ms CreateObjectMapping: 0.031258 ms MarkObjects: 1.393111 ms  DeleteObjects: 0.044622 ms)

========================================================================
Received Prepare
Registering precompiled user dll's ...
Registered in 0.000455 seconds.
Begin MonoManager ReloadAssembly
Native extension for OSXStandalone target not found
Native extension for WebGL target not found
Refreshing native plugins compatible for Editor in 0.24 ms, found 1 plugins.
Preloading 0 native plugins for Editor in 0.00 ms.
Mono: successfully reloaded assembly
- Completed reload, in  1.027 seconds
Platform modules already initialized, skipping
Refreshing native plugins compatible for Editor in 0.23 ms, found 1 plugins.
Preloading 0 native plugins for Editor in 0.00 ms.
Unloading 1111 Unused Serialized files (Serialized files now loaded: 0)
System memory in use before: 113.5 MB.
System memory in use after: 113.6 MB.

Unloading 5 unused Assets to reduce memory usage. Loaded Objects now: 1567.
Total: 1.496469 ms (FindLiveObjects: 0.134765 ms CreateObjectMapping: 0.031793 ms MarkObjects: 1.276117 ms  DeleteObjects: 0.052924 ms)

========================================================================
Received Prepare
Registering precompiled user dll's ...
Registered in 0.000452 seconds.
Begin MonoManager ReloadAssembly
Native extension for OSXStandalone target not found
Native extension for WebGL target not found
Refreshing native plugins compatible for Editor in 0.29 ms, found 1 plugins.
Preloading 0 native plugins for Editor in 0.00 ms.
Mono: successfully reloaded assembly
- Completed reload, in  1.138 seconds
Platform modules already initialized, skipping
Refreshing native plugins compatible for Editor in 0.25 ms, found 1 plugins.
Preloading 0 native plugins for Editor in 0.00 ms.
Unloading 1111 Unused Serialized files (Serialized files now loaded: 0)
System memory in use before: 113.7 MB.
System memory in use after: 113.8 MB.

Unloading 5 unused Assets to reduce memory usage. Loaded Objects now: 1570.
Total: 2.223089 ms (FindLiveObjects: 0.193649 ms CreateObjectMapping: 0.033249 ms MarkObjects: 1.901004 ms  DeleteObjects: 0.093740 ms)

========================================================================
Received Prepare
Registering precompiled user dll's ...
Registered in 0.000493 seconds.
Begin MonoManager ReloadAssembly
Native extension for OSXStandalone target not found
Native extension for WebGL target not found
Refreshing native plugins compatible for Editor in 0.24 ms, found 1 plugins.
Preloading 0 native plugins for Editor in 0.00 ms.
Mono: successfully reloaded assembly
- Completed reload, in  1.049 seconds
Platform modules already initialized, skipping
Refreshing native plugins compatible for Editor in 0.26 ms, found 1 plugins.
Preloading 0 native plugins for Editor in 0.00 ms.
Unloading 1111 Unused Serialized files (Serialized files now loaded: 0)
System memory in use before: 113.9 MB.
System memory in use after: 113.9 MB.

Unloading 5 unused Assets to reduce memory usage. Loaded Objects now: 1573.
Total: 1.775457 ms (FindLiveObjects: 0.133370 ms CreateObjectMapping: 0.029340 ms MarkObjects: 1.556150 ms  DeleteObjects: 0.055492 ms)

========================================================================
Received Import Request.
  Time since last request: 821.794049 seconds.
  path: Assets/Script/cylinder.cs
  artifactKey: Guid(611bad1d29d624369a66c4bacc873da7) Importer(815301076,1909f56bfc062723c751e8b465ee728b)
Start importing Assets/Script/cylinder.cs using Guid(611bad1d29d624369a66c4bacc873da7) Importer(815301076,1909f56bfc062723c751e8b465ee728b)  -> (artifact id: '684d08f6c762f6c1f27ffb26ee510f5c') in 0.009435 seconds
  Import took 0.011739 seconds .

========================================================================
Received Import Request.
  Time since last request: 0.015449 seconds.
  path: Assets/Script/cylinder.cs
  artifactKey: Guid(611bad1d29d624369a66c4bacc873da7) Importer(815301076,1909f56bfc062723c751e8b465ee728b)
Start importing Assets/Script/cylinder.cs using Guid(611bad1d29d624369a66c4bacc873da7) Importer(815301076,1909f56bfc062723c751e8b465ee728b)  -> (artifact id: '684d08f6c762f6c1f27ffb26ee510f5c') in 0.004534 seconds
  Import took 0.007079 seconds .

========================================================================
Received Prepare
Registering precompiled user dll's ...
Registered in 0.000705 seconds.
Begin MonoManager ReloadAssembly
Native extension for OSXStandalone target not found
Native extension for WebGL target not found
Refreshing native plugins compatible for Editor in 0.24 ms, found 1 plugins.
Preloading 0 native plugins for Editor in 0.00 ms.
Mono: successfully reloaded assembly
- Completed reload, in  1.017 seconds
Platform modules already initialized, skipping
Refreshing native plugins compatible for Editor in 0.21 ms, found 1 plugins.
Preloading 0 native plugins for Editor in 0.00 ms.
Unloading 1111 Unused Serialized files (Serialized files now loaded: 0)
System memory in use before: 114.0 MB.
System memory in use after: 114.1 MB.

Unloading 5 unused Assets to reduce memory usage. Loaded Objects now: 1576.
Total: 1.601726 ms (FindLiveObjects: 0.129878 ms CreateObjectMapping: 0.032740 ms MarkObjects: 1.391899 ms  DeleteObjects: 0.046220 ms)

========================================================================
Received Prepare
Registering precompiled user dll's ...
Registered in 0.000426 seconds.
Begin MonoManager ReloadAssembly
Native extension for OSXStandalone target not found
Native extension for WebGL target not found
Refreshing native plugins compatible for Editor in 0.28 ms, found 1 plugins.
Preloading 0 native plugins for Editor in 0.00 ms.
Mono: successfully reloaded assembly
- Completed reload, in  0.983 seconds
Platform modules already initialized, skipping
Refreshing native plugins compatible for Editor in 0.24 ms, found 1 plugins.
Preloading 0 native plugins for Editor in 0.00 ms.
Unloading 1111 Unused Serialized files (Serialized files now loaded: 0)
System memory in use before: 114.2 MB.
System memory in use after: 114.3 MB.

Unloading 5 unused Assets to reduce memory usage. Loaded Objects now: 1579.
Total: 1.590659 ms (FindLiveObjects: 0.140324 ms CreateObjectMapping: 0.034515 ms MarkObjects: 1.364274 ms  DeleteObjects: 0.050568 ms)

========================================================================
Received Prepare
Registering precompiled user dll's ...
Registered in 0.000376 seconds.
Begin MonoManager ReloadAssembly
Native extension for OSXStandalone target not found
Native extension for WebGL target not found
Refreshing native plugins compatible for Editor in 0.24 ms, found 1 plugins.
Preloading 0 native plugins for Editor in 0.00 ms.
Mono: successfully reloaded assembly
- Completed reload, in  0.964 seconds
Platform modules already initialized, skipping
Refreshing native plugins compatible for Editor in 0.25 ms, found 1 plugins.
Preloading 0 native plugins for Editor in 0.00 ms.
Unloading 1111 Unused Serialized files (Serialized files now loaded: 0)
System memory in use before: 114.4 MB.
System memory in use after: 114.5 MB.

Unloading 5 unused Assets to reduce memory usage. Loaded Objects now: 1582.
Total: 1.649388 ms (FindLiveObjects: 0.163527 ms CreateObjectMapping: 0.038244 ms MarkObjects: 1.400085 ms  DeleteObjects: 0.046675 ms)

========================================================================
Received Prepare
Registering precompiled user dll's ...
Registered in 0.000441 seconds.
Begin MonoManager ReloadAssembly
Native extension for OSXStandalone target not found
Native extension for WebGL target not found
Refreshing native plugins compatible for Editor in 0.31 ms, found 1 plugins.
Preloading 0 native plugins for Editor in 0.00 ms.
Mono: successfully reloaded assembly
- Completed reload, in  1.137 seconds
Platform modules already initialized, skipping
Refreshing native plugins compatible for Editor in 0.21 ms, found 1 plugins.
Preloading 0 native plugins for Editor in 0.00 ms.
Unloading 1111 Unused Serialized files (Serialized files now loaded: 0)
System memory in use before: 114.6 MB.
System memory in use after: 114.6 MB.

Unloading 5 unused Assets to reduce memory usage. Loaded Objects now: 1585.
Total: 1.534965 ms (FindLiveObjects: 0.129605 ms CreateObjectMapping: 0.032817 ms MarkObjects: 1.326320 ms  DeleteObjects: 0.045395 ms)

========================================================================
Received Prepare
Registering precompiled user dll's ...
Registered in 0.001473 seconds.
Begin MonoManager ReloadAssembly
Native extension for OSXStandalone target not found
Native extension for WebGL target not found
Refreshing native plugins compatible for Editor in 0.23 ms, found 1 plugins.
Preloading 0 native plugins for Editor in 0.00 ms.
Mono: successfully reloaded assembly
- Completed reload, in  1.099 seconds
Platform modules already initialized, skipping
Refreshing native plugins compatible for Editor in 0.23 ms, found 1 plugins.
Preloading 0 native plugins for Editor in 0.00 ms.
Unloading 1111 Unused Serialized files (Serialized files now loaded: 0)
System memory in use before: 114.7 MB.
System memory in use after: 114.8 MB.

Unloading 5 unused Assets to reduce memory usage. Loaded Objects now: 1588.
Total: 1.518479 ms (FindLiveObjects: 0.129033 ms CreateObjectMapping: 0.030146 ms MarkObjects: 1.298712 ms  DeleteObjects: 0.059828 ms)

========================================================================
Received Prepare
Registering precompiled user dll's ...
Registered in 0.000467 seconds.
Begin MonoManager ReloadAssembly
Native extension for OSXStandalone target not found
Native extension for WebGL target not found
Refreshing native plugins compatible for Editor in 0.25 ms, found 1 plugins.
Preloading 0 native plugins for Editor in 0.00 ms.
Mono: successfully reloaded assembly
- Completed reload, in  0.985 seconds
Platform modules already initialized, skipping
Refreshing native plugins compatible for Editor in 0.23 ms, found 1 plugins.
Preloading 0 native plugins for Editor in 0.00 ms.
Unloading 1110 Unused Serialized files (Serialized files now loaded: 0)
System memory in use before: 114.9 MB.
System memory in use after: 115.0 MB.

Unloading 6 unused Assets to reduce memory usage. Loaded Objects now: 1590.
Total: 2.128611 ms (FindLiveObjects: 0.153006 ms CreateObjectMapping: 0.035267 ms MarkObjects: 1.869646 ms  DeleteObjects: 0.069600 ms)

========================================================================
Received Import Request.
  Time since last request: 729.629720 seconds.
  path: Assets/Script/NewBehaviourScript.cs
  artifactKey: Guid(f366d403fb1fa4b509c4e565b2dbd4aa) Importer(815301076,1909f56bfc062723c751e8b465ee728b)
Start importing Assets/Script/NewBehaviourScript.cs using Guid(f366d403fb1fa4b509c4e565b2dbd4aa) Importer(815301076,1909f56bfc062723c751e8b465ee728b)  -> (artifact id: '9efad4ef19fedc792a6b7e0434f64aa6') in 0.007054 seconds
  Import took 0.008932 seconds .

========================================================================
Received Import Request.
  Time since last request: 0.000503 seconds.
  path: Assets/Script/NewBehaviourScript.cs
  artifactKey: Guid(f366d403fb1fa4b509c4e565b2dbd4aa) Importer(815301076,1909f56bfc062723c751e8b465ee728b)
Start importing Assets/Script/NewBehaviourScript.cs using Guid(f366d403fb1fa4b509c4e565b2dbd4aa) Importer(815301076,1909f56bfc062723c751e8b465ee728b)  -> (artifact id: '9efad4ef19fedc792a6b7e0434f64aa6') in 0.005995 seconds
  Import took 0.008085 seconds .

========================================================================
Received Prepare
Registering precompiled user dll's ...
Registered in 0.000417 seconds.
Begin MonoManager ReloadAssembly
Native extension for OSXStandalone target not found
Native extension for WebGL target not found
Refreshing native plugins compatible for Editor in 0.24 ms, found 1 plugins.
Preloading 0 native plugins for Editor in 0.00 ms.
Mono: successfully reloaded assembly
- Completed reload, in  0.984 seconds
Platform modules already initialized, skipping
Refreshing native plugins compatible for Editor in 0.21 ms, found 1 plugins.
Preloading 0 native plugins for Editor in 0.00 ms.
Unloading 1111 Unused Serialized files (Serialized files now loaded: 0)
System memory in use before: 115.1 MB.
System memory in use after: 115.2 MB.

Unloading 5 unused Assets to reduce memory usage. Loaded Objects now: 1594.
Total: 1.989923 ms (FindLiveObjects: 0.137008 ms CreateObjectMapping: 0.032541 ms MarkObjects: 1.763475 ms  DeleteObjects: 0.055875 ms)

========================================================================
Received Import Request.
  Time since last request: 12.429554 seconds.
  path: Assets/Script/LifeCycle.cs
  artifactKey: Guid(f366d403fb1fa4b509c4e565b2dbd4aa) Importer(815301076,1909f56bfc062723c751e8b465ee728b)
Start importing Assets/Script/LifeCycle.cs using Guid(f366d403fb1fa4b509c4e565b2dbd4aa) Importer(815301076,1909f56bfc062723c751e8b465ee728b)  -> (artifact id: '634a1ff4311987f39fa014384c88275f') in 0.010461 seconds
  Import took 0.012897 seconds .

========================================================================
Received Prepare
Registering precompiled user dll's ...
Registered in 0.000530 seconds.
Begin MonoManager ReloadAssembly
Native extension for OSXStandalone target not found
Native extension for WebGL target not found
Refreshing native plugins compatible for Editor in 0.24 ms, found 1 plugins.
Preloading 0 native plugins for Editor in 0.00 ms.
Mono: successfully reloaded assembly
- Completed reload, in  1.011 seconds
Platform modules already initialized, skipping
Refreshing native plugins compatible for Editor in 0.18 ms, found 1 plugins.
Preloading 0 native plugins for Editor in 0.00 ms.
Unloading 1111 Unused Serialized files (Serialized files now loaded: 0)
System memory in use before: 115.3 MB.
System memory in use after: 115.4 MB.

Unloading 5 unused Assets to reduce memory usage. Loaded Objects now: 1597.
Total: 1.957825 ms (FindLiveObjects: 0.150562 ms CreateObjectMapping: 0.032408 ms MarkObjects: 1.718634 ms  DeleteObjects: 0.054954 ms)

