Using pre-set license

 COMMAND LINE ARGUMENTS:
/Applications/Unity/Hub/Editor/2020.3.12f1/Unity.app/Contents/MacOS/Unity
-adb2
-batchMode
-noUpm
-name
AssetImportWorker0
-projectPath
/Users/shinyijin/GitHub/Learn-Unity/Pa!nt
-logFile
Logs/AssetImportWorker0.log
-srvPort
57324
Successfully changed project path to: /Users/shinyijin/GitHub/Learn-Unity/Pa!nt
/Users/shinyijin/GitHub/Learn-Unity/Pa!nt
Using Asset Import Pipeline V2.
Refreshing native plugins compatible for Editor in 43.83 ms, found 3 plugins.
Preloading 0 native plugins for Editor in 0.00 ms.
Initialize engine version: 2020.3.12f1 (b3b2c6512326)
[Subsystems] Discovering subsystems at path /Applications/Unity/Hub/Editor/2020.3.12f1/Unity.app/Contents/Resources/UnitySubsystems
[Subsystems] Discovering subsystems at path /Users/shinyijin/GitHub/Learn-Unity/Pa!nt/Assets
GfxDevice: creating device client; threaded=0
2021-08-22 16:17:24.137 Unity[34299:2004838] Color LCD preferred device: Intel(R) Iris(TM) Plus Graphics 655 (low power)
2021-08-22 16:17:24.137 Unity[34299:2004838] Metal devices available: 1
2021-08-22 16:17:24.137 Unity[34299:2004838] 0: Intel(R) Iris(TM) Plus Graphics 655 (low power)
2021-08-22 16:17:24.137 Unity[34299:2004838] Using device Intel(R) Iris(TM) Plus Graphics 655 (low power)
Initializing Metal device caps: Intel(R) Iris(TM) Plus Graphics 655
Initialize mono
Mono path[0] = '/Applications/Unity/Hub/Editor/2020.3.12f1/Unity.app/Contents/Managed'
Mono path[1] = '/Applications/Unity/Hub/Editor/2020.3.12f1/Unity.app/Contents/MonoBleedingEdge/lib/mono/unityjit'
Mono config path = '/Applications/Unity/Hub/Editor/2020.3.12f1/Unity.app/Contents/MonoBleedingEdge/etc'
Using monoOptions --debugger-agent=transport=dt_socket,embedding=1,server=y,suspend=n,address=127.0.0.1:56299
Begin MonoManager ReloadAssembly
Registering precompiled unity dll's ...
Register platform support module: /Applications/Unity/Hub/Editor/2020.3.12f1/Unity.app/Contents/PlaybackEngines/MacStandaloneSupport/UnityEditor.OSXStandalone.Extensions.dll
Registered in 0.002926 seconds.
Native extension for OSXStandalone target not found
Refreshing native plugins compatible for Editor in 36.84 ms, found 3 plugins.
Preloading 0 native plugins for Editor in 0.00 ms.
Mono: successfully reloaded assembly
- Completed reload, in  2.098 seconds
Platform modules already initialized, skipping
Registering precompiled user dll's ...
Registered in 0.008867 seconds.
Begin MonoManager ReloadAssembly
Native extension for OSXStandalone target not found
Refreshing native plugins compatible for Editor in 0.42 ms, found 3 plugins.
Preloading 0 native plugins for Editor in 0.00 ms.
Mono: successfully reloaded assembly
- Completed reload, in  1.377 seconds
Platform modules already initialized, skipping
========================================================================
Worker process is ready to serve import requests
Launching external process: /Applications/Unity/Hub/Editor/2020.3.12f1/Unity.app/Contents/Tools/UnityShaderCompiler
Launched and connected shader compiler UnityShaderCompiler after 0.02 seconds
Refreshing native plugins compatible for Editor in 0.50 ms, found 3 plugins.
Preloading 0 native plugins for Editor in 0.00 ms.
Unloading 1792 Unused Serialized files (Serialized files now loaded: 0)
System memory in use before: 154.2 MB.
System memory in use after: 154.3 MB.

Unloading 22 unused Assets to reduce memory usage. Loaded Objects now: 2224.
Total: 2.180487 ms (FindLiveObjects: 0.194192 ms CreateObjectMapping: 0.065353 ms MarkObjects: 1.846961 ms  DeleteObjects: 0.072816 ms)

AssetImportParameters requested are different than current active one (requested -> active):
  custom:video-decoder-ogg-theora: a1e56fd34408186e4bbccfd4996cb3dc -> 
  custom:container-muxer-webm: aa71ff27fc2769a1b78a27578f13a17b -> 
  custom:container-demuxer-webm: 4f35f7cbe854078d1ac9338744f61a02 -> 
  custom:container-demuxer-ogg: 62fdf1f143b41e24485cea50d1cbac27 -> 
  custom:video-encoder-webm-vp8: eb34c28f22e8b96e1ab97ce403110664 -> 
  custom:framework-osx-AVFoundation: e770b220cccbd017edd2c1fefb359320 -> 
  custom:video-decoder-webm-vp8: 9c59270c3fd7afecdb556c50c9e8de78 -> 
  custom:audio-decoder-ogg-vorbis: bf7c407c2cedff20999df2af8eb42d56 -> 
  custom:audio-encoder-webm-vorbis: bf7c407c2cedff20999df2af8eb42d56 -> 
========================================================================
Received Import Request.
  path: Assets/Prefebs/PlayerStick.prefab
  artifactKey: Guid(44feaec69d93d44fdadb88382152df02) Importer(815301076,1909f56bfc062723c751e8b465ee728b)
Start importing Assets/Prefebs/PlayerStick.prefab using Guid(44feaec69d93d44fdadb88382152df02) Importer(815301076,1909f56bfc062723c751e8b465ee728b)  -> (artifact id: '6492e3a731822934fa049d6b80af7765') in 1.388293 seconds 
  Import took 1.391992 seconds .

========================================================================
Received Import Request.
  Time since last request: 0.000224 seconds.
  path: Assets/Prefebs/Base.prefab
  artifactKey: Guid(faf312bbc2dd8ea49b7b31211a588d7a) Importer(815301076,1909f56bfc062723c751e8b465ee728b)
Start importing Assets/Prefebs/Base.prefab using Guid(faf312bbc2dd8ea49b7b31211a588d7a) Importer(815301076,1909f56bfc062723c751e8b465ee728b)  -> (artifact id: '1ccfd25ce15ff8ea997e6acba479f078') in 0.103045 seconds 
  Import took 0.106671 seconds .

========================================================================
Received Import Request.
  Time since last request: 0.000284 seconds.
  path: Assets/Prefebs/back.png
  artifactKey: Guid(99d20d5930f2e934ab5d28c140791118) Importer(815301076,1909f56bfc062723c751e8b465ee728b)
Start importing Assets/Prefebs/back.png using Guid(99d20d5930f2e934ab5d28c140791118) Importer(815301076,1909f56bfc062723c751e8b465ee728b)  -> (artifact id: '02e807627c81d01708dd69513b8ffe0e') in 0.811891 seconds 
  Import took 0.815172 seconds .

========================================================================
Received Import Request.
  Time since last request: 0.000211 seconds.
  path: Assets/Prefebs/UIs.prefab
  artifactKey: Guid(42dcfdfd90618a848a240dfe0b52e7e8) Importer(815301076,1909f56bfc062723c751e8b465ee728b)
Start importing Assets/Prefebs/UIs.prefab using Guid(42dcfdfd90618a848a240dfe0b52e7e8) Importer(815301076,1909f56bfc062723c751e8b465ee728b)  -> (artifact id: '66590ae4b544337dd490e95e44d58e07') in 0.009547 seconds 
  Import took 0.012480 seconds .

========================================================================
Received Import Request.
  Time since last request: 0.000232 seconds.
  path: Assets/Prefebs/ZoomIn.prefab
  artifactKey: Guid(08274393e5c42a141b59d9abb49235f1) Importer(815301076,1909f56bfc062723c751e8b465ee728b)
Start importing Assets/Prefebs/ZoomIn.prefab using Guid(08274393e5c42a141b59d9abb49235f1) Importer(815301076,1909f56bfc062723c751e8b465ee728b)  -> (artifact id: '831b527bd89a1878a11cd5e5444d27dd') in 0.005732 seconds 
  Import took 0.009230 seconds .

========================================================================
Received Import Request.
  Time since last request: 0.000311 seconds.
  path: Assets/Prefebs/ZoomOut.prefab
  artifactKey: Guid(86a33721ffed19d4ebebb82af15897ef) Importer(815301076,1909f56bfc062723c751e8b465ee728b)
Start importing Assets/Prefebs/ZoomOut.prefab using Guid(86a33721ffed19d4ebebb82af15897ef) Importer(815301076,1909f56bfc062723c751e8b465ee728b)  -> (artifact id: '697d9de06c449627dde50020ac5ee22a') in 0.005655 seconds 
  Import took 0.008944 seconds .

========================================================================
Received Import Request.
  Time since last request: 0.000338 seconds.
  path: Assets/Prefebs/UIs 1.prefab
  artifactKey: Guid(30202f81aca01a64f9e630bfe26eaf35) Importer(815301076,1909f56bfc062723c751e8b465ee728b)
Start importing Assets/Prefebs/UIs 1.prefab using Guid(30202f81aca01a64f9e630bfe26eaf35) Importer(815301076,1909f56bfc062723c751e8b465ee728b)  -> (artifact id: '8aff4f0243fb63a905c463f00635c47e') in 0.009740 seconds 
  Import took 0.013588 seconds .

========================================================================
Received Import Request.
  Time since last request: 0.000215 seconds.
  path: Assets/Prefebs/plus.png
  artifactKey: Guid(361ff4535619701469870a0681f1abd1) Importer(815301076,1909f56bfc062723c751e8b465ee728b)
Start importing Assets/Prefebs/plus.png using Guid(361ff4535619701469870a0681f1abd1) Importer(815301076,1909f56bfc062723c751e8b465ee728b)  -> (artifact id: 'ebf7fba325829197adcbac64781d0088') in 0.034930 seconds 
  Import took 0.037995 seconds .

========================================================================
Received Import Request.
  Time since last request: 0.000195 seconds.
  path: Assets/Prefebs/Stick.prefab
  artifactKey: Guid(d4820538eb8b29045a1125b842de47e9) Importer(815301076,1909f56bfc062723c751e8b465ee728b)
Start importing Assets/Prefebs/Stick.prefab using Guid(d4820538eb8b29045a1125b842de47e9) Importer(815301076,1909f56bfc062723c751e8b465ee728b)  -> (artifact id: '5d1ca57adf69c77669b09db080786fa7') in 0.021449 seconds 
  Import took 0.025248 seconds .

========================================================================
Received Import Request.
  Time since last request: 0.000260 seconds.
  path: Assets/Prefebs/Background.prefab
  artifactKey: Guid(6dc57fcf905e2a348805f92d5313ff42) Importer(815301076,1909f56bfc062723c751e8b465ee728b)
Start importing Assets/Prefebs/Background.prefab using Guid(6dc57fcf905e2a348805f92d5313ff42) Importer(815301076,1909f56bfc062723c751e8b465ee728b)  -> (artifact id: 'b89fe1bdaa77685782aadad9da72f0d6') in 0.004781 seconds 
  Import took 0.007974 seconds .

========================================================================
Received Import Request.
  Time since last request: 0.000276 seconds.
  path: Assets/Prefebs/minus.png
  artifactKey: Guid(adb91237f75b04b44ae553899836ed18) Importer(815301076,1909f56bfc062723c751e8b465ee728b)
Start importing Assets/Prefebs/minus.png using Guid(adb91237f75b04b44ae553899836ed18) Importer(815301076,1909f56bfc062723c751e8b465ee728b)  -> (artifact id: '7acfff99b2f3d5d3168d54d6b3e73d51') in 0.039281 seconds 
  Import took 0.042381 seconds .

