Using pre-set license

 COMMAND LINE ARGUMENTS:
/Applications/Unity/Hub/Editor/2020.3.9f1/Unity.app/Contents/MacOS/Unity
-adb2
-batchMode
-noUpm
-name
AssetImportWorker0
-projectPath
/Users/shinyijin/GitHub/Learn-Unity/tutorial_1
-logFile
Logs/AssetImportWorker0.log
-srvPort
50355
Successfully changed project path to: /Users/shinyijin/GitHub/Learn-Unity/tutorial_1
/Users/shinyijin/GitHub/Learn-Unity/tutorial_1
Using Asset Import Pipeline V2.
Refreshing native plugins compatible for Editor in 43.79 ms, found 2 plugins.
Preloading 0 native plugins for Editor in 0.00 ms.
Initialize engine version: 2020.3.9f1 (108be757e447)
[Subsystems] Discovering subsystems at path /Applications/Unity/Hub/Editor/2020.3.9f1/Unity.app/Contents/Resources/UnitySubsystems
[Subsystems] Discovering subsystems at path /Users/shinyijin/GitHub/Learn-Unity/tutorial_1/Assets
GfxDevice: creating device client; threaded=0
2021-06-28 13:08:12.986 Unity[1428:32660] Color LCD preferred device: Intel(R) Iris(TM) Plus Graphics 655 (low power)
2021-06-28 13:08:12.986 Unity[1428:32660] Metal devices available: 1
2021-06-28 13:08:12.986 Unity[1428:32660] 0: Intel(R) Iris(TM) Plus Graphics 655 (low power)
2021-06-28 13:08:12.987 Unity[1428:32660] Using device Intel(R) Iris(TM) Plus Graphics 655 (low power)
Initializing Metal device caps: Intel(R) Iris(TM) Plus Graphics 655
Initialize mono
Mono path[0] = '/Applications/Unity/Hub/Editor/2020.3.9f1/Unity.app/Contents/Managed'
Mono path[1] = '/Applications/Unity/Hub/Editor/2020.3.9f1/Unity.app/Contents/MonoBleedingEdge/lib/mono/unityjit'
Mono config path = '/Applications/Unity/Hub/Editor/2020.3.9f1/Unity.app/Contents/MonoBleedingEdge/etc'
Using monoOptions --debugger-agent=transport=dt_socket,embedding=1,server=y,suspend=n,address=127.0.0.1:56428
Begin MonoManager ReloadAssembly
Registering precompiled unity dll's ...
Register platform support module: /Applications/Unity/Hub/Editor/2020.3.9f1/PlaybackEngines/WebGLSupport/UnityEditor.WebGL.Extensions.dll
Register platform support module: /Applications/Unity/Hub/Editor/2020.3.9f1/Unity.app/Contents/PlaybackEngines/MacStandaloneSupport/UnityEditor.OSXStandalone.Extensions.dll
Registered in 0.002478 seconds.
Native extension for OSXStandalone target not found
Native extension for WebGL target not found
Refreshing native plugins compatible for Editor in 44.22 ms, found 2 plugins.
Preloading 0 native plugins for Editor in 0.00 ms.
Mono: successfully reloaded assembly
- Completed reload, in  2.249 seconds
Platform modules already initialized, skipping
Registering precompiled user dll's ...
Registered in 0.001015 seconds.
Begin MonoManager ReloadAssembly
Native extension for OSXStandalone target not found
Native extension for WebGL target not found
Refreshing native plugins compatible for Editor in 39.97 ms, found 2 plugins.
Preloading 0 native plugins for Editor in 0.00 ms.
Mono: successfully reloaded assembly
- Completed reload, in  1.446 seconds
Platform modules already initialized, skipping
========================================================================
Worker process is ready to serve import requests
Launching external process: /Applications/Unity/Hub/Editor/2020.3.9f1/Unity.app/Contents/Tools/UnityShaderCompiler
Launched and connected shader compiler UnityShaderCompiler after 0.02 seconds
Refreshing native plugins compatible for Editor in 0.80 ms, found 2 plugins.
Preloading 0 native plugins for Editor in 0.00 ms.
Unloading 1812 Unused Serialized files (Serialized files now loaded: 0)
System memory in use before: 143.8 MB.
System memory in use after: 143.7 MB.

Unloading 24 unused Assets to reduce memory usage. Loaded Objects now: 2255.
Total: 4.033272 ms (FindLiveObjects: 0.557902 ms CreateObjectMapping: 0.154977 ms MarkObjects: 3.066716 ms  DeleteObjects: 0.251492 ms)

========================================================================
Received Import Request.
  path: Assets/Scripts/EnemyMove.cs
  artifactKey: Guid(61e50f2c9a7014da5b73f518f2a2ade9) Importer(815301076,1909f56bfc062723c751e8b465ee728b)
Start importing Assets/Scripts/EnemyMove.cs using Guid(61e50f2c9a7014da5b73f518f2a2ade9) Importer(815301076,1909f56bfc062723c751e8b465ee728b)  -> (artifact id: 'f35a9e180b643f1c1013e55aa228fedd') in 0.583239 seconds
  Import took 0.589724 seconds .

========================================================================
Received Import Request.
  Time since last request: 0.000768 seconds.
  path: Assets/Scripts/PlayerMove.cs
  artifactKey: Guid(1e469a38567124b48ac3a66a4ed9be85) Importer(815301076,1909f56bfc062723c751e8b465ee728b)
Start importing Assets/Scripts/PlayerMove.cs using Guid(1e469a38567124b48ac3a66a4ed9be85) Importer(815301076,1909f56bfc062723c751e8b465ee728b)  -> (artifact id: '62fd4fd9d6f67ff0b0de55664cc067f6') in 0.002762 seconds
  Import took 0.008369 seconds .

========================================================================
Received Import Request.
  Time since last request: 290.669384 seconds.
  path: Assets/Scripts/PlayerMove.cs
  artifactKey: Guid(1e469a38567124b48ac3a66a4ed9be85) Importer(815301076,1909f56bfc062723c751e8b465ee728b)
Start importing Assets/Scripts/PlayerMove.cs using Guid(1e469a38567124b48ac3a66a4ed9be85) Importer(815301076,1909f56bfc062723c751e8b465ee728b)  -> (artifact id: '05bc81bcef30856b478b91936a4308d0') in 0.003340 seconds
  Import took 0.008270 seconds .

========================================================================
Received Prepare
Registering precompiled user dll's ...
Registered in 0.001266 seconds.
Begin MonoManager ReloadAssembly
Native extension for OSXStandalone target not found
Native extension for WebGL target not found
Refreshing native plugins compatible for Editor in 0.42 ms, found 2 plugins.
Preloading 0 native plugins for Editor in 0.00 ms.
Mono: successfully reloaded assembly
- Completed reload, in  1.017 seconds
Platform modules already initialized, skipping
Refreshing native plugins compatible for Editor in 0.51 ms, found 2 plugins.
Preloading 0 native plugins for Editor in 0.00 ms.
Unloading 1807 Unused Serialized files (Serialized files now loaded: 0)
System memory in use before: 148.3 MB.
System memory in use after: 148.3 MB.

Unloading 12 unused Assets to reduce memory usage. Loaded Objects now: 2259.
Total: 2.384340 ms (FindLiveObjects: 0.244132 ms CreateObjectMapping: 0.082254 ms MarkObjects: 1.933859 ms  DeleteObjects: 0.122037 ms)

========================================================================
Received Prepare
Registering precompiled user dll's ...
Registered in 0.002636 seconds.
Begin MonoManager ReloadAssembly
Native extension for OSXStandalone target not found
Native extension for WebGL target not found
Refreshing native plugins compatible for Editor in 0.37 ms, found 2 plugins.
Preloading 0 native plugins for Editor in 0.00 ms.
Mono: successfully reloaded assembly
- Completed reload, in  1.253 seconds
Platform modules already initialized, skipping
Refreshing native plugins compatible for Editor in 0.45 ms, found 2 plugins.
Preloading 0 native plugins for Editor in 0.00 ms.
Unloading 1807 Unused Serialized files (Serialized files now loaded: 0)
System memory in use before: 148.5 MB.
System memory in use after: 148.5 MB.

Unloading 12 unused Assets to reduce memory usage. Loaded Objects now: 2263.
Total: 2.526999 ms (FindLiveObjects: 0.315240 ms CreateObjectMapping: 0.084919 ms MarkObjects: 1.999677 ms  DeleteObjects: 0.125936 ms)

========================================================================
Received Prepare
Registering precompiled user dll's ...
Registered in 0.000625 seconds.
Begin MonoManager ReloadAssembly
Native extension for OSXStandalone target not found
Native extension for WebGL target not found
Refreshing native plugins compatible for Editor in 0.42 ms, found 2 plugins.
Preloading 0 native plugins for Editor in 0.00 ms.
Mono: successfully reloaded assembly
- Completed reload, in  1.032 seconds
Platform modules already initialized, skipping
Refreshing native plugins compatible for Editor in 0.35 ms, found 2 plugins.
Preloading 0 native plugins for Editor in 0.00 ms.
Unloading 1807 Unused Serialized files (Serialized files now loaded: 0)
System memory in use before: 148.7 MB.
System memory in use after: 148.7 MB.

Unloading 12 unused Assets to reduce memory usage. Loaded Objects now: 2267.
Total: 1.998877 ms (FindLiveObjects: 0.198483 ms CreateObjectMapping: 0.064487 ms MarkObjects: 1.595573 ms  DeleteObjects: 0.139377 ms)

========================================================================
Received Prepare
Registering precompiled user dll's ...
Registered in 0.000615 seconds.
Begin MonoManager ReloadAssembly
Native extension for OSXStandalone target not found
Native extension for WebGL target not found
Refreshing native plugins compatible for Editor in 0.50 ms, found 2 plugins.
Preloading 0 native plugins for Editor in 0.00 ms.
Mono: successfully reloaded assembly
- Completed reload, in  1.059 seconds
Platform modules already initialized, skipping
Refreshing native plugins compatible for Editor in 0.69 ms, found 2 plugins.
Preloading 0 native plugins for Editor in 0.00 ms.
Unloading 1807 Unused Serialized files (Serialized files now loaded: 0)
System memory in use before: 148.9 MB.
System memory in use after: 148.9 MB.

Unloading 12 unused Assets to reduce memory usage. Loaded Objects now: 2271.
Total: 1.955683 ms (FindLiveObjects: 0.199388 ms CreateObjectMapping: 0.067222 ms MarkObjects: 1.589914 ms  DeleteObjects: 0.098128 ms)

========================================================================
Received Prepare
Registering precompiled user dll's ...
Registered in 0.003746 seconds.
Begin MonoManager ReloadAssembly
Native extension for OSXStandalone target not found
Native extension for WebGL target not found
Refreshing native plugins compatible for Editor in 0.46 ms, found 2 plugins.
Preloading 0 native plugins for Editor in 0.00 ms.
Mono: successfully reloaded assembly
- Completed reload, in  1.221 seconds
Platform modules already initialized, skipping
Refreshing native plugins compatible for Editor in 0.40 ms, found 2 plugins.
Preloading 0 native plugins for Editor in 0.00 ms.
Unloading 1807 Unused Serialized files (Serialized files now loaded: 0)
System memory in use before: 149.1 MB.
System memory in use after: 149.1 MB.

Unloading 12 unused Assets to reduce memory usage. Loaded Objects now: 2275.
Total: 3.251883 ms (FindLiveObjects: 0.494678 ms CreateObjectMapping: 0.249907 ms MarkObjects: 2.390596 ms  DeleteObjects: 0.115272 ms)

========================================================================
Received Import Request.
  Time since last request: 7086.921883 seconds.
  path: Assets/TileMap/Platform Palette.prefab
  artifactKey: Guid(38cf3be58d92e40539fe82576443e19f) Importer(815301076,1909f56bfc062723c751e8b465ee728b)
Start importing Assets/TileMap/Platform Palette.prefab using Guid(38cf3be58d92e40539fe82576443e19f) Importer(815301076,1909f56bfc062723c751e8b465ee728b)  -> (artifact id: 'c0f3b4fadfbfa3a1830d550e0d7a63cb') in 1.385327 seconds
  Import took 1.390080 seconds .

========================================================================
Received Import Request.
  Time since last request: 0.000247 seconds.
  path: Assets/TileMap/Spike.asset
  artifactKey: Guid(3052e49198f6f430eb8dc0c3e488d68b) Importer(815301076,1909f56bfc062723c751e8b465ee728b)
Start importing Assets/TileMap/Spike.asset using Guid(3052e49198f6f430eb8dc0c3e488d68b) Importer(815301076,1909f56bfc062723c751e8b465ee728b)  -> (artifact id: '6c5799055358a168ac3b3cec437853e8') in 0.422396 seconds
  Import took 0.428601 seconds .

========================================================================
Received Prepare
Registering precompiled user dll's ...
Registered in 0.000564 seconds.
Begin MonoManager ReloadAssembly
Native extension for OSXStandalone target not found
Native extension for WebGL target not found
Refreshing native plugins compatible for Editor in 0.43 ms, found 2 plugins.
Preloading 0 native plugins for Editor in 0.00 ms.
Mono: successfully reloaded assembly
- Completed reload, in  1.146 seconds
Platform modules already initialized, skipping
Refreshing native plugins compatible for Editor in 0.42 ms, found 2 plugins.
Preloading 0 native plugins for Editor in 0.00 ms.
Unloading 1807 Unused Serialized files (Serialized files now loaded: 0)
System memory in use before: 161.1 MB.
System memory in use after: 161.1 MB.

Unloading 12 unused Assets to reduce memory usage. Loaded Objects now: 2283.
Total: 2.685440 ms (FindLiveObjects: 0.213696 ms CreateObjectMapping: 0.073905 ms MarkObjects: 2.281689 ms  DeleteObjects: 0.114756 ms)

========================================================================
Received Prepare
Registering precompiled user dll's ...
Registered in 0.000628 seconds.
Begin MonoManager ReloadAssembly
Native extension for OSXStandalone target not found
Native extension for WebGL target not found
Refreshing native plugins compatible for Editor in 0.37 ms, found 2 plugins.
Preloading 0 native plugins for Editor in 0.00 ms.
Mono: successfully reloaded assembly
- Completed reload, in  1.044 seconds
Platform modules already initialized, skipping
Script error: OnTriggerEnter2D
This message parameter has to be of type: Collider2D
The message will be ignored.

Refreshing native plugins compatible for Editor in 0.42 ms, found 2 plugins.
Preloading 0 native plugins for Editor in 0.00 ms.
Unloading 1807 Unused Serialized files (Serialized files now loaded: 0)
System memory in use before: 161.4 MB.
System memory in use after: 161.4 MB.

Unloading 12 unused Assets to reduce memory usage. Loaded Objects now: 2287.
Total: 2.393031 ms (FindLiveObjects: 0.302247 ms CreateObjectMapping: 0.097959 ms MarkObjects: 1.882086 ms  DeleteObjects: 0.109312 ms)

========================================================================
Received Prepare
Registering precompiled user dll's ...
Registered in 0.000589 seconds.
Begin MonoManager ReloadAssembly
Native extension for OSXStandalone target not found
Native extension for WebGL target not found
Refreshing native plugins compatible for Editor in 0.41 ms, found 2 plugins.
Preloading 0 native plugins for Editor in 0.00 ms.
Mono: successfully reloaded assembly
- Completed reload, in  1.140 seconds
Platform modules already initialized, skipping
Script error: OnTriggerEnter2D
This message parameter has to be of type: Collider2D
The message will be ignored.

Refreshing native plugins compatible for Editor in 0.35 ms, found 2 plugins.
Preloading 0 native plugins for Editor in 0.00 ms.
Unloading 1807 Unused Serialized files (Serialized files now loaded: 0)
System memory in use before: 161.6 MB.
System memory in use after: 161.6 MB.

Unloading 12 unused Assets to reduce memory usage. Loaded Objects now: 2291.
Total: 2.990935 ms (FindLiveObjects: 0.211028 ms CreateObjectMapping: 0.077473 ms MarkObjects: 2.593987 ms  DeleteObjects: 0.107276 ms)

========================================================================
Received Prepare
Registering precompiled user dll's ...
Registered in 0.000599 seconds.
Begin MonoManager ReloadAssembly
Native extension for OSXStandalone target not found
Native extension for WebGL target not found
Refreshing native plugins compatible for Editor in 0.42 ms, found 2 plugins.
Preloading 0 native plugins for Editor in 0.00 ms.
Mono: successfully reloaded assembly
- Completed reload, in  1.029 seconds
Platform modules already initialized, skipping
Script error: OnTriggerEnter2D
This message parameter has to be of type: Collider2D
The message will be ignored.

Refreshing native plugins compatible for Editor in 0.48 ms, found 2 plugins.
Preloading 0 native plugins for Editor in 0.00 ms.
Unloading 1807 Unused Serialized files (Serialized files now loaded: 0)
System memory in use before: 161.8 MB.
System memory in use after: 161.8 MB.

Unloading 12 unused Assets to reduce memory usage. Loaded Objects now: 2295.
Total: 2.203220 ms (FindLiveObjects: 0.225593 ms CreateObjectMapping: 0.064726 ms MarkObjects: 1.801372 ms  DeleteObjects: 0.110521 ms)

========================================================================
Received Prepare
Registering precompiled user dll's ...
Registered in 0.001583 seconds.
Begin MonoManager ReloadAssembly
Native extension for OSXStandalone target not found
Native extension for WebGL target not found
Refreshing native plugins compatible for Editor in 0.52 ms, found 2 plugins.
Preloading 0 native plugins for Editor in 0.00 ms.
Mono: successfully reloaded assembly
- Completed reload, in  1.173 seconds
Platform modules already initialized, skipping
Script error: OnTriggerEnter2D
This message parameter has to be of type: Collider2D
The message will be ignored.

Refreshing native plugins compatible for Editor in 0.33 ms, found 2 plugins.
Preloading 0 native plugins for Editor in 0.00 ms.
Unloading 1807 Unused Serialized files (Serialized files now loaded: 0)
System memory in use before: 162.0 MB.
System memory in use after: 162.0 MB.

Unloading 12 unused Assets to reduce memory usage. Loaded Objects now: 2299.
Total: 2.201759 ms (FindLiveObjects: 0.178159 ms CreateObjectMapping: 0.065848 ms MarkObjects: 1.838211 ms  DeleteObjects: 0.118348 ms)

