Using pre-set license

 COMMAND LINE ARGUMENTS:
/Applications/Unity/Hub/Editor/2020.3.9f1/Unity.app/Contents/MacOS/Unity
-adb2
-batchMode
-noUpm
-name
AssetImportWorker0
-projectPath
/Users/shinyijin/GitHub/Learn-Unity/tutorial_fastcampus
-logFile
Logs/AssetImportWorker0.log
-srvPort
56999
Successfully changed project path to: /Users/shinyijin/GitHub/Learn-Unity/tutorial_fastcampus
/Users/shinyijin/GitHub/Learn-Unity/tutorial_fastcampus
Using Asset Import Pipeline V2.
Refreshing native plugins compatible for Editor in 26.04 ms, found 1 plugins.
Preloading 0 native plugins for Editor in 0.00 ms.
Initialize engine version: 2020.3.9f1 (108be757e447)
[Subsystems] Discovering subsystems at path /Applications/Unity/Hub/Editor/2020.3.9f1/Unity.app/Contents/Resources/UnitySubsystems
[Subsystems] Discovering subsystems at path /Users/shinyijin/GitHub/Learn-Unity/tutorial_fastcampus/Assets
GfxDevice: creating device client; threaded=0
2021-07-16 17:54:43.031 Unity[61058:4980596] Color LCD preferred device: Intel(R) Iris(TM) Plus Graphics 655 (low power)
2021-07-16 17:54:43.031 Unity[61058:4980596] Metal devices available: 1
2021-07-16 17:54:43.031 Unity[61058:4980596] 0: Intel(R) Iris(TM) Plus Graphics 655 (low power)
2021-07-16 17:54:43.032 Unity[61058:4980596] Using device Intel(R) Iris(TM) Plus Graphics 655 (low power)
Initializing Metal device caps: Intel(R) Iris(TM) Plus Graphics 655
Initialize mono
Mono path[0] = '/Applications/Unity/Hub/Editor/2020.3.9f1/Unity.app/Contents/Managed'
Mono path[1] = '/Applications/Unity/Hub/Editor/2020.3.9f1/Unity.app/Contents/MonoBleedingEdge/lib/mono/unityjit'
Mono config path = '/Applications/Unity/Hub/Editor/2020.3.9f1/Unity.app/Contents/MonoBleedingEdge/etc'
Using monoOptions --debugger-agent=transport=dt_socket,embedding=1,server=y,suspend=n,address=127.0.0.1:56058
Begin MonoManager ReloadAssembly
Registering precompiled unity dll's ...
Register platform support module: /Applications/Unity/Hub/Editor/2020.3.9f1/PlaybackEngines/WebGLSupport/UnityEditor.WebGL.Extensions.dll
Register platform support module: /Applications/Unity/Hub/Editor/2020.3.9f1/Unity.app/Contents/PlaybackEngines/MacStandaloneSupport/UnityEditor.OSXStandalone.Extensions.dll
Registered in 0.004306 seconds.
Native extension for OSXStandalone target not found
Native extension for WebGL target not found
Refreshing native plugins compatible for Editor in 23.01 ms, found 1 plugins.
Preloading 0 native plugins for Editor in 0.00 ms.
Mono: successfully reloaded assembly
- Completed reload, in  2.166 seconds
Platform modules already initialized, skipping
Registering precompiled user dll's ...
Registered in 0.001725 seconds.
Begin MonoManager ReloadAssembly
Native extension for OSXStandalone target not found
Native extension for WebGL target not found
Refreshing native plugins compatible for Editor in 0.26 ms, found 1 plugins.
Preloading 0 native plugins for Editor in 0.00 ms.
Mono: successfully reloaded assembly
- Completed reload, in  1.101 seconds
Platform modules already initialized, skipping
========================================================================
Worker process is ready to serve import requests
Launching external process: /Applications/Unity/Hub/Editor/2020.3.9f1/Unity.app/Contents/Tools/UnityShaderCompiler
Launched and connected shader compiler UnityShaderCompiler after 0.02 seconds
Refreshing native plugins compatible for Editor in 0.27 ms, found 1 plugins.
Preloading 0 native plugins for Editor in 0.00 ms.
Unloading 1117 Unused Serialized files (Serialized files now loaded: 0)
System memory in use before: 109.3 MB.
System memory in use after: 109.3 MB.

Unloading 10 unused Assets to reduce memory usage. Loaded Objects now: 1562.
Total: 1.829614 ms (FindLiveObjects: 0.192945 ms CreateObjectMapping: 0.035569 ms MarkObjects: 1.517693 ms  DeleteObjects: 0.082305 ms)

========================================================================
Received Import Request.
  path: Assets/Scenes/Tutorial1.unity
  artifactKey: Guid(4aa8754c8006549b990f1d34930a413d) Importer(815301076,1909f56bfc062723c751e8b465ee728b)
Start importing Assets/Scenes/Tutorial1.unity using Guid(4aa8754c8006549b990f1d34930a413d) Importer(815301076,1909f56bfc062723c751e8b465ee728b)  -> (artifact id: 'dfca67dc5d2149881a1927c3e404b9ad') in 0.017455 seconds
  Import took 0.020372 seconds .

========================================================================
Received Import Request.
  Time since last request: 0.000388 seconds.
  path: Assets/Scenes/SampleScene.unity
  artifactKey: Guid(9fc0d4010bbf28b4594072e72b8655ab) Importer(815301076,1909f56bfc062723c751e8b465ee728b)
Start importing Assets/Scenes/SampleScene.unity using Guid(9fc0d4010bbf28b4594072e72b8655ab) Importer(815301076,1909f56bfc062723c751e8b465ee728b)  -> (artifact id: '724ad35f80bc5f8ca6c0f91c9973387e') in 0.001161 seconds
  Import took 0.003504 seconds .

========================================================================
Received Import Request.
  Time since last request: 9.517450 seconds.
  path: Assets/Script/Tutorial1
  artifactKey: Guid(9090cccf3344d4e0f9e9e42c07dc389b) Importer(815301076,1909f56bfc062723c751e8b465ee728b)
Start importing Assets/Script/Tutorial1 using Guid(9090cccf3344d4e0f9e9e42c07dc389b) Importer(815301076,1909f56bfc062723c751e8b465ee728b)  -> (artifact id: 'b179fcf578563eadc8934b1ef7cc43bf') in 0.003039 seconds
  Import took 0.007726 seconds .

========================================================================
Received Import Request.
  Time since last request: 0.753438 seconds.
  path: Assets/Script/Script1.cs
  artifactKey: Guid(42302766a26d34348af8c5db39a85b82) Importer(815301076,1909f56bfc062723c751e8b465ee728b)
Start importing Assets/Script/Script1.cs using Guid(42302766a26d34348af8c5db39a85b82) Importer(815301076,1909f56bfc062723c751e8b465ee728b)  -> (artifact id: '29ca20f06f979dae5feb9668a707278a') in 0.388426 seconds
  Import took 0.391357 seconds .

========================================================================
Received Import Request.
  Time since last request: 0.000258 seconds.
  path: Assets/Script/BGScroller.cs
  artifactKey: Guid(31d5dd34b8c13431ba43166b340a178e) Importer(815301076,1909f56bfc062723c751e8b465ee728b)
Start importing Assets/Script/BGScroller.cs using Guid(31d5dd34b8c13431ba43166b340a178e) Importer(815301076,1909f56bfc062723c751e8b465ee728b)  -> (artifact id: '678239baffcce13e4c0993499f7d5c24') in 0.004191 seconds
  Import took 0.006676 seconds .

========================================================================
Received Prepare
Registering precompiled user dll's ...
Registered in 0.001936 seconds.
Begin MonoManager ReloadAssembly
Native extension for OSXStandalone target not found
Native extension for WebGL target not found
Refreshing native plugins compatible for Editor in 0.26 ms, found 1 plugins.
Preloading 0 native plugins for Editor in 0.00 ms.
Mono: successfully reloaded assembly
- Completed reload, in  0.995 seconds
Platform modules already initialized, skipping
Refreshing native plugins compatible for Editor in 0.28 ms, found 1 plugins.
Preloading 0 native plugins for Editor in 0.00 ms.
Unloading 1112 Unused Serialized files (Serialized files now loaded: 0)
System memory in use before: 113.7 MB.
System memory in use after: 113.8 MB.

Unloading 5 unused Assets to reduce memory usage. Loaded Objects now: 1565.
Total: 1.656309 ms (FindLiveObjects: 0.167633 ms CreateObjectMapping: 0.038945 ms MarkObjects: 1.390928 ms  DeleteObjects: 0.057876 ms)

